Log file open, 01/02/21 13:05:19
LogInit: Display: Running engine for game: BasicGame
LogPlatformFile: Not using cached read wrapper
LogTaskGraph: Started task graph with 5 named threads and 35 total threads with 3 sets of task threads.
LogStats: Stats thread started at 0.257808
LogD3D11RHI: Loaded GFSDK_Aftermath_Lib.x64.dll
LogICUInternationalization: ICU TimeZone Detection - Raw Offset: -5:00, Platform Override: ''
LogPluginManager: Mounting plugin Paper2D
LogPluginManager: Mounting plugin AISupport
LogPluginManager: Mounting plugin LightPropagationVolume
LogPluginManager: Mounting plugin CameraShakePreviewer
LogPluginManager: Mounting plugin ActorLayerUtilities
LogPluginManager: Mounting plugin AnimationSharing
LogPluginManager: Mounting plugin CLionSourceCodeAccess
LogPluginManager: Mounting plugin CodeLiteSourceCodeAccess
LogPluginManager: Mounting plugin GitSourceControl
LogPluginManager: Mounting plugin KDevelopSourceCodeAccess
LogPluginManager: Mounting plugin NullSourceCodeAccess
LogPluginManager: Mounting plugin PerforceSourceControl
LogPluginManager: Mounting plugin PlasticSourceControl
LogPluginManager: Mounting plugin RiderSourceCodeAccess
LogPluginManager: Mounting plugin SubversionSourceControl
LogPluginManager: Mounting plugin UObjectPlugin
LogPluginManager: Mounting plugin VisualStudioCodeSourceCodeAccess
LogPluginManager: Mounting plugin VisualStudioSourceCodeAccess
LogPluginManager: Mounting plugin XCodeSourceCodeAccess
LogPluginManager: Mounting plugin AssetManagerEditor
LogPluginManager: Mounting plugin CryptoKeys
LogPluginManager: Mounting plugin CurveEditorTools
LogPluginManager: Mounting plugin DataValidation
LogPluginManager: Mounting plugin EditorScriptingUtilities
LogPluginManager: Mounting plugin FacialAnimation
LogPluginManager: Mounting plugin GameplayTagsEditor
LogPluginManager: Mounting plugin GeometryMode
LogPluginManager: Mounting plugin MacGraphicsSwitching
LogPluginManager: Mounting plugin MaterialAnalyzer
LogPluginManager: Mounting plugin MobileLauncherProfileWizard
LogPluginManager: Mounting plugin PluginBrowser
LogPluginManager: Mounting plugin SpeedTreeImporter
LogPluginManager: Mounting plugin DatasmithContent
LogPluginManager: Mounting plugin VariantManagerContent
LogPluginManager: Mounting plugin AlembicImporter
LogPluginManager: Mounting plugin AutomationUtils
LogPluginManager: Mounting plugin BackChannel
LogPluginManager: Mounting plugin ChaosCloth
LogPluginManager: Mounting plugin ChaosClothEditor
LogPluginManager: Mounting plugin ChaosEditor
LogPluginManager: Mounting plugin ChaosNiagara
LogPluginManager: Mounting plugin ChaosSolverPlugin
LogPluginManager: Mounting plugin CharacterAI
LogPluginManager: Mounting plugin GeometryCache
LogPluginManager: Mounting plugin GeometryCollectionPlugin
LogPluginManager: Mounting plugin GeometryProcessing
LogPluginManager: Mounting plugin PlanarCut
LogPluginManager: Mounting plugin PlatformCrypto
LogPluginManager: Mounting plugin ProxyLODPlugin
LogPluginManager: Mounting plugin SkeletalReduction
LogPluginManager: Mounting plugin Niagara
LogPluginManager: Mounting plugin MagicLeap
LogPluginManager: Mounting plugin MagicLeapLightEstimation
LogPluginManager: Mounting plugin MagicLeapMedia
LogPluginManager: Mounting plugin MagicLeapPassableWorld
LogPluginManager: Mounting plugin MLSDK
LogPluginManager: Mounting plugin AndroidMedia
LogPluginManager: Mounting plugin AvfMedia
LogPluginManager: Mounting plugin ImgMedia
LogPluginManager: Mounting plugin MediaCompositing
LogPluginManager: Mounting plugin MediaPlayerEditor
LogPluginManager: Mounting plugin WebMMedia
LogPluginManager: Mounting plugin WmfMedia
LogPluginManager: Mounting plugin MeshPainting
LogPluginManager: Mounting plugin TcpMessaging
LogPluginManager: Mounting plugin UdpMessaging
LogPluginManager: Mounting plugin ActorSequence
LogPluginManager: Mounting plugin LevelSequenceEditor
LogPluginManager: Mounting plugin MatineeToLevelSequence
LogPluginManager: Mounting plugin MovieRenderPipeline
LogPluginManager: Mounting plugin TemplateSequence
LogPluginManager: Mounting plugin NetcodeUnitTest
LogPluginManager: Mounting plugin NUTUnrealEngine4
LogPluginManager: Mounting plugin OnlineSubsystemGooglePlay
LogPluginManager: Mounting plugin OnlineSubsystemIOS
LogPluginManager: Mounting plugin OnlineSubsystem
LogPluginManager: Mounting plugin OnlineSubsystemNull
LogPluginManager: Mounting plugin OnlineSubsystemUtils
LogPluginManager: Mounting plugin LauncherChunkInstaller
LogPluginManager: Mounting plugin AndroidDeviceProfileSelector
LogPluginManager: Mounting plugin AndroidMoviePlayer
LogPluginManager: Mounting plugin AndroidPermission
LogPluginManager: Mounting plugin AppleImageUtils
LogPluginManager: Mounting plugin AppleMoviePlayer
LogPluginManager: Mounting plugin ArchVisCharacter
LogPluginManager: Mounting plugin AssetTags
LogPluginManager: Mounting plugin AudioCapture
LogPluginManager: Mounting plugin CableComponent
LogPluginManager: Mounting plugin CustomMeshComponent
LogPluginManager: Mounting plugin EditableMesh
LogPluginManager: Mounting plugin ExampleDeviceProfileSelector
LogPluginManager: Mounting plugin GoogleCloudMessaging
LogPluginManager: Mounting plugin GooglePAD
LogPluginManager: Mounting plugin IOSDeviceProfileSelector
LogPluginManager: Mounting plugin LinuxDeviceProfileSelector
LogPluginManager: Mounting plugin LocationServicesBPLibrary
LogPluginManager: Mounting plugin MobilePatchingUtils
LogPluginManager: Mounting plugin OculusVR
LogPluginManager: Mounting plugin PhysXVehicles
LogPluginManager: Mounting plugin PostSplashScreen
LogPluginManager: Mounting plugin ProceduralMeshComponent
LogPluginManager: Mounting plugin RuntimePhysXCooking
LogPluginManager: Mounting plugin SignificanceManager
LogPluginManager: Mounting plugin SoundFields
LogPluginManager: Mounting plugin SteamVR
LogPluginManager: Mounting plugin Synthesis
LogPluginManager: Mounting plugin WebMMoviePlayer
LogPluginManager: Mounting plugin WindowsMoviePlayer
LogPluginManager: Mounting plugin ScreenshotTools
LogInit: Using libcurl 7.55.1-DEV
LogInit:  - built for x86_64-pc-win32
LogInit:  - supports SSL with OpenSSL/1.1.1
LogInit:  - supports HTTP deflate (compression) using libz 1.2.8
LogInit:  - other features:
LogInit:      CURL_VERSION_SSL
LogInit:      CURL_VERSION_LIBZ
LogInit:      CURL_VERSION_IPV6
LogInit:      CURL_VERSION_ASYNCHDNS
LogInit:      CURL_VERSION_LARGEFILE
LogInit:      CURL_VERSION_IDN
LogInit:  CurlRequestOptions (configurable via config and command line):
LogInit:  - bVerifyPeer = true  - Libcurl will verify peer certificate
LogInit:  - bUseHttpProxy = false  - Libcurl will NOT use HTTP proxy
LogInit:  - bDontReuseConnections = false  - Libcurl will reuse connections
LogInit:  - MaxHostConnections = 16  - Libcurl will limit the number of connections to a host
LogInit:  - LocalHostAddr = Default
LogInit:  - BufferSize = 65536
LogOnline: OSS: Creating online subsystem instance for: NULL
LogInit: WinSock: version 1.1 (2.2), MaxSocks=32767, MaxUdp=65467
LogOnline: OSS: TryLoadSubsystemAndSetDefault: Loaded subsystem for module [NULL]
LogInit: Build: ++UE4+Release-4.25-CL-14469661
LogInit: Engine Version: 4.25.4-14469661+++UE4+Release-4.25
LogInit: Compatible Engine Version: 4.25.0-13144385+++UE4+Release-4.25
LogInit: Net CL: 13144385
LogInit: OS: Windows 10 (Release 1909) (), CPU: Intel(R) Core(TM) i7-6850K CPU @ 3.60GHz, GPU: NVIDIA GeForce GTX 1070 Ti
LogInit: Compiled (64-bit): Oct 11 2020 08:10:49
LogInit: Compiled with Visual C++: 19.24.28315.00
LogInit: Build Configuration: Development
LogInit: Branch Name: ++UE4+Release-4.25
LogInit: Command Line: 
LogInit: Base Directory: C:/Program Files/Epic Games/UE_4.25/Engine/Binaries/Win64/
LogInit: Allocator: TBB
LogInit: Installed Engine Build: 1
LogDevObjectVersion: Number of dev versions registered: 26
LogDevObjectVersion:   Dev-Blueprints (B0D832E4-1F89-4F0D-ACCF-7EB736FD4AA2): 10
LogDevObjectVersion:   Dev-Build (E1C64328-A22C-4D53-A36C-8E866417BD8C): 0
LogDevObjectVersion:   Dev-Core (375EC13C-06E4-48FB-B500-84F0262A717E): 4
LogDevObjectVersion:   Dev-Editor (E4B068ED-F494-42E9-A231-DA0B2E46BB41): 38
LogDevObjectVersion:   Dev-Framework (CFFC743F-43B0-4480-9391-14DF171D2073): 37
LogDevObjectVersion:   Dev-Mobile (B02B49B5-BB20-44E9-A304-32B752E40360): 2
LogDevObjectVersion:   Dev-Networking (A4E4105C-59A1-49B5-A7C5-40C4547EDFEE): 0
LogDevObjectVersion:   Dev-Online (39C831C9-5AE6-47DC-9A44-9C173E1C8E7C): 0
LogDevObjectVersion:   Dev-Physics (78F01B33-EBEA-4F98-B9B4-84EACCB95AA2): 4
LogDevObjectVersion:   Dev-Platform (6631380F-2D4D-43E0-8009-CF276956A95A): 0
LogDevObjectVersion:   Dev-Rendering (12F88B9F-8875-4AFC-A67C-D90C383ABD29): 43
LogDevObjectVersion:   Dev-Sequencer (7B5AE74C-D270-4C10-A958-57980B212A5A): 12
LogDevObjectVersion:   Dev-VR (D7296918-1DD6-4BDD-9DE2-64A83CC13884): 3
LogDevObjectVersion:   Dev-LoadTimes (C2A15278-BFE7-4AFE-6C17-90FF531DF755): 1
LogDevObjectVersion:   Private-Geometry (6EACA3D4-40EC-4CC1-B786-8BED09428FC5): 3
LogDevObjectVersion:   Dev-AnimPhys (29E575DD-E0A3-4627-9D10-D276232CDCEA): 17
LogDevObjectVersion:   Dev-Anim (AF43A65D-7FD3-4947-9873-3E8ED9C1BB05): 7
LogDevObjectVersion:   Dev-ReflectionCapture (6B266CEC-1EC7-4B8F-A30B-E4D90942FC07): 1
LogDevObjectVersion:   Dev-Automation (0DF73D61-A23F-47EA-B727-89E90C41499A): 1
LogDevObjectVersion:   FortniteMain (601D1886-AC64-4F84-AA16-D3DE0DEAC7D6): 31
LogDevObjectVersion:   Dev-Enterprise (9DFFBCD6-494F-0158-E221-12823C92A888): 10
LogDevObjectVersion:   Dev-Niagara (F2AED0AC-9AFE-416F-8664-AA7FFA26D6FC): 1
LogDevObjectVersion:   Dev-Destruction (174F1F0B-B4C6-45A5-B13F-2EE8D0FB917D): 10
LogDevObjectVersion:   Dev-Physics-Ext (35F94A83-E258-406C-A318-09F59610247C): 37
LogDevObjectVersion:   Dev-PhysicsMaterial-Chaos (B68FC16E-8B1B-42E2-B453-215C058844FE): 1
LogDevObjectVersion:   Dev-CineCamera (B2E18506-4273-CFC2-A54E-F4BB758BBA07): 1
LogInit: Presizing for max 25165824 objects, including 0 objects not considered by GC, pre-allocating 0 bytes for permanent pool.
LogConfig: Applying CVar settings from Section [/Script/Engine.StreamingSettings] File [C:/Users/lhutc/OneDrive/Desktop/Software Dev Practice/Unreal Projects/BasicGame/Saved/Config/Windows/Engine.ini]
LogConfig: Setting CVar [[s.MinBulkDataSizeForAsyncLoading:131072]]
LogConfig: Setting CVar [[s.AsyncLoadingThreadEnabled:0]]
LogConfig: Setting CVar [[s.EventDrivenLoaderEnabled:1]]
LogConfig: Setting CVar [[s.WarnIfTimeLimitExceeded:0]]
LogConfig: Setting CVar [[s.TimeLimitExceededMultiplier:1.5]]
LogConfig: Setting CVar [[s.TimeLimitExceededMinTime:0.005]]
LogConfig: Setting CVar [[s.UseBackgroundLevelStreaming:1]]
LogConfig: Setting CVar [[s.PriorityAsyncLoadingExtraTime:15.0]]
LogConfig: Setting CVar [[s.LevelStreamingActorsUpdateTimeLimit:5.0]]
LogConfig: Setting CVar [[s.PriorityLevelStreamingActorsUpdateExtraTime:5.0]]
LogConfig: Setting CVar [[s.LevelStreamingComponentsRegistrationGranularity:10]]
LogConfig: Setting CVar [[s.UnregisterComponentsTimeLimit:1.0]]
LogConfig: Setting CVar [[s.LevelStreamingComponentsUnregistrationGranularity:5]]
LogConfig: Setting CVar [[s.FlushStreamingOnExit:1]]
LogInit: Object subsystem initialized
LogConfig: Setting CVar [[con.DebugEarlyDefault:1]]
LogConfig: Setting CVar [[r.setres:1280x720]]
[2021.01.02-18.05.20:249][  0]LogConfig: Setting CVar [[r.VSync:0]]
[2021.01.02-18.05.20:249][  0]LogConfig: Setting CVar [[r.RHICmdBypass:0]]
[2021.01.02-18.05.20:249][  0]LogConfig: Applying CVar settings from Section [/Script/Engine.RendererSettings] File [C:/Users/lhutc/OneDrive/Desktop/Software Dev Practice/Unreal Projects/BasicGame/Saved/Config/Windows/Engine.ini]
[2021.01.02-18.05.20:249][  0]LogConfig: Setting CVar [[r.GPUCrashDebugging:0]]
[2021.01.02-18.05.20:249][  0]LogConfig: Applying CVar settings from Section [/Script/Engine.RendererOverrideSettings] File [C:/Users/lhutc/OneDrive/Desktop/Software Dev Practice/Unreal Projects/BasicGame/Saved/Config/Windows/Engine.ini]
[2021.01.02-18.05.20:249][  0]LogConfig: Applying CVar settings from Section [/Script/Engine.StreamingSettings] File [C:/Users/lhutc/OneDrive/Desktop/Software Dev Practice/Unreal Projects/BasicGame/Saved/Config/Windows/Engine.ini]
[2021.01.02-18.05.20:249][  0]LogConfig: Setting CVar [[s.MinBulkDataSizeForAsyncLoading:131072]]
[2021.01.02-18.05.20:249][  0]LogConfig: Setting CVar [[s.AsyncLoadingThreadEnabled:0]]
[2021.01.02-18.05.20:249][  0]LogConfig: Setting CVar [[s.EventDrivenLoaderEnabled:1]]
[2021.01.02-18.05.20:249][  0]LogConfig: Setting CVar [[s.WarnIfTimeLimitExceeded:0]]
[2021.01.02-18.05.20:249][  0]LogConfig: Setting CVar [[s.TimeLimitExceededMultiplier:1.5]]
[2021.01.02-18.05.20:249][  0]LogConfig: Setting CVar [[s.TimeLimitExceededMinTime:0.005]]
[2021.01.02-18.05.20:249][  0]LogConfig: Setting CVar [[s.UseBackgroundLevelStreaming:1]]
[2021.01.02-18.05.20:249][  0]LogConfig: Setting CVar [[s.PriorityAsyncLoadingExtraTime:15.0]]
[2021.01.02-18.05.20:249][  0]LogConfig: Setting CVar [[s.LevelStreamingActorsUpdateTimeLimit:5.0]]
[2021.01.02-18.05.20:249][  0]LogConfig: Setting CVar [[s.PriorityLevelStreamingActorsUpdateExtraTime:5.0]]
[2021.01.02-18.05.20:249][  0]LogConfig: Setting CVar [[s.LevelStreamingComponentsRegistrationGranularity:10]]
[2021.01.02-18.05.20:249][  0]LogConfig: Setting CVar [[s.UnregisterComponentsTimeLimit:1.0]]
[2021.01.02-18.05.20:249][  0]LogConfig: Setting CVar [[s.LevelStreamingComponentsUnregistrationGranularity:5]]
[2021.01.02-18.05.20:249][  0]LogConfig: Setting CVar [[s.FlushStreamingOnExit:1]]
[2021.01.02-18.05.20:249][  0]LogConfig: Applying CVar settings from Section [/Script/Engine.GarbageCollectionSettings] File [C:/Users/lhutc/OneDrive/Desktop/Software Dev Practice/Unreal Projects/BasicGame/Saved/Config/Windows/Engine.ini]
[2021.01.02-18.05.20:250][  0]LogConfig: Setting CVar [[gc.MaxObjectsNotConsideredByGC:1]]
[2021.01.02-18.05.20:250][  0]LogConfig: Setting CVar [[gc.SizeOfPermanentObjectPool:0]]
[2021.01.02-18.05.20:250][  0]LogConfig: Setting CVar [[gc.FlushStreamingOnGC:0]]
[2021.01.02-18.05.20:250][  0]LogConfig: Setting CVar [[gc.NumRetriesBeforeForcingGC:10]]
[2021.01.02-18.05.20:250][  0]LogConfig: Setting CVar [[gc.AllowParallelGC:1]]
[2021.01.02-18.05.20:250][  0]LogConfig: Setting CVar [[gc.TimeBetweenPurgingPendingKillObjects:61.1]]
[2021.01.02-18.05.20:250][  0]LogConfig: Setting CVar [[gc.MaxObjectsInEditor:25165824]]
[2021.01.02-18.05.20:250][  0]LogConfig: Setting CVar [[gc.IncrementalBeginDestroyEnabled:1]]
[2021.01.02-18.05.20:250][  0]LogConfig: Setting CVar [[gc.CreateGCClusters:1]]
[2021.01.02-18.05.20:250][  0]LogConfig: Setting CVar [[gc.MinGCClusterSize:5]]
[2021.01.02-18.05.20:250][  0]LogConfig: Setting CVar [[gc.ActorClusteringEnabled:0]]
[2021.01.02-18.05.20:250][  0]LogConfig: Setting CVar [[gc.BlueprintClusteringEnabled:0]]
[2021.01.02-18.05.20:250][  0]LogConfig: Setting CVar [[gc.UseDisregardForGCOnDedicatedServers:0]]
[2021.01.02-18.05.20:250][  0]LogConfig: Applying CVar settings from Section [/Script/Engine.NetworkSettings] File [C:/Users/lhutc/OneDrive/Desktop/Software Dev Practice/Unreal Projects/BasicGame/Saved/Config/Windows/Engine.ini]
[2021.01.02-18.05.20:250][  0]LogConfig: Applying CVar settings from Section [/Script/UnrealEd.CookerSettings] File [C:/Users/lhutc/OneDrive/Desktop/Software Dev Practice/Unreal Projects/BasicGame/Saved/Config/Windows/Engine.ini]
[2021.01.02-18.05.20:256][  0]LogConfig: Applying CVar settings from Section [ViewDistanceQuality@3] File [C:/Users/lhutc/OneDrive/Desktop/Software Dev Practice/Unreal Projects/BasicGame/Saved/Config/Windows/Scalability.ini]
[2021.01.02-18.05.20:256][  0]LogConfig: Setting CVar [[r.SkeletalMeshLODBias:0]]
[2021.01.02-18.05.20:256][  0]LogConfig: Setting CVar [[r.ViewDistanceScale:1.0]]
[2021.01.02-18.05.20:256][  0]LogConfig: Applying CVar settings from Section [AntiAliasingQuality@3] File [C:/Users/lhutc/OneDrive/Desktop/Software Dev Practice/Unreal Projects/BasicGame/Saved/Config/Windows/Scalability.ini]
[2021.01.02-18.05.20:256][  0]LogConfig: Setting CVar [[r.PostProcessAAQuality:4]]
[2021.01.02-18.05.20:256][  0]LogConfig: Applying CVar settings from Section [ShadowQuality@3] File [C:/Users/lhutc/OneDrive/Desktop/Software Dev Practice/Unreal Projects/BasicGame/Saved/Config/Windows/Scalability.ini]
[2021.01.02-18.05.20:256][  0]LogConfig: Setting CVar [[r.LightFunctionQuality:1]]
[2021.01.02-18.05.20:256][  0]LogConfig: Setting CVar [[r.ShadowQuality:5]]
[2021.01.02-18.05.20:256][  0]LogConfig: Setting CVar [[r.Shadow.CSM.MaxCascades:10]]
[2021.01.02-18.05.20:257][  0]LogConfig: Setting CVar [[r.Shadow.MaxResolution:2048]]
[2021.01.02-18.05.20:257][  0]LogConfig: Setting CVar [[r.Shadow.MaxCSMResolution:2048]]
[2021.01.02-18.05.20:257][  0]LogConfig: Setting CVar [[r.Shadow.RadiusThreshold:0.01]]
[2021.01.02-18.05.20:257][  0]LogConfig: Setting CVar [[r.Shadow.DistanceScale:1.0]]
[2021.01.02-18.05.20:257][  0]LogConfig: Setting CVar [[r.Shadow.CSM.TransitionScale:1.0]]
[2021.01.02-18.05.20:257][  0]LogConfig: Setting CVar [[r.Shadow.PreShadowResolutionFactor:1.0]]
[2021.01.02-18.05.20:257][  0]LogConfig: Setting CVar [[r.DistanceFieldShadowing:1]]
[2021.01.02-18.05.20:257][  0]LogConfig: Setting CVar [[r.DistanceFieldAO:1]]
[2021.01.02-18.05.20:257][  0]LogConfig: Setting CVar [[r.AOQuality:2]]
[2021.01.02-18.05.20:257][  0]LogConfig: Setting CVar [[r.VolumetricFog:1]]
[2021.01.02-18.05.20:257][  0]LogConfig: Setting CVar [[r.VolumetricFog.GridPixelSize:8]]
[2021.01.02-18.05.20:257][  0]LogConfig: Setting CVar [[r.VolumetricFog.GridSizeZ:128]]
[2021.01.02-18.05.20:257][  0]LogConfig: Setting CVar [[r.VolumetricFog.HistoryMissSupersampleCount:4]]
[2021.01.02-18.05.20:257][  0]LogConfig: Setting CVar [[r.LightMaxDrawDistanceScale:1]]
[2021.01.02-18.05.20:257][  0]LogConfig: Setting CVar [[r.CapsuleShadows:1]]
[2021.01.02-18.05.20:257][  0]LogConfig: Applying CVar settings from Section [PostProcessQuality@3] File [C:/Users/lhutc/OneDrive/Desktop/Software Dev Practice/Unreal Projects/BasicGame/Saved/Config/Windows/Scalability.ini]
[2021.01.02-18.05.20:257][  0]LogConfig: Setting CVar [[r.MotionBlurQuality:4]]
[2021.01.02-18.05.20:257][  0]LogConfig: Setting CVar [[r.AmbientOcclusionMipLevelFactor:0.4]]
[2021.01.02-18.05.20:257][  0]LogConfig: Setting CVar [[r.AmbientOcclusionMaxQuality:100]]
[2021.01.02-18.05.20:257][  0]LogConfig: Setting CVar [[r.AmbientOcclusionLevels:-1]]
[2021.01.02-18.05.20:257][  0]LogConfig: Setting CVar [[r.AmbientOcclusionRadiusScale:1.0]]
[2021.01.02-18.05.20:257][  0]LogConfig: Setting CVar [[r.DepthOfFieldQuality:2]]
[2021.01.02-18.05.20:257][  0]LogConfig: Setting CVar [[r.RenderTargetPoolMin:400]]
[2021.01.02-18.05.20:257][  0]LogConfig: Setting CVar [[r.LensFlareQuality:2]]
[2021.01.02-18.05.20:257][  0]LogConfig: Setting CVar [[r.SceneColorFringeQuality:1]]
[2021.01.02-18.05.20:257][  0]LogConfig: Setting CVar [[r.EyeAdaptationQuality:2]]
[2021.01.02-18.05.20:257][  0]LogConfig: Setting CVar [[r.BloomQuality:5]]
[2021.01.02-18.05.20:257][  0]LogConfig: Setting CVar [[r.FastBlurThreshold:100]]
[2021.01.02-18.05.20:257][  0]LogConfig: Setting CVar [[r.Upscale.Quality:3]]
[2021.01.02-18.05.20:257][  0]LogConfig: Setting CVar [[r.Tonemapper.GrainQuantization:1]]
[2021.01.02-18.05.20:257][  0]LogConfig: Setting CVar [[r.LightShaftQuality:1]]
[2021.01.02-18.05.20:257][  0]LogConfig: Setting CVar [[r.Filter.SizeScale:1]]
[2021.01.02-18.05.20:258][  0]LogConfig: Setting CVar [[r.Tonemapper.Quality:5]]
[2021.01.02-18.05.20:258][  0]LogConfig: Setting CVar [[r.DOF.Gather.AccumulatorQuality:1        ; higher gathering accumulator quality]]
[2021.01.02-18.05.20:258][  0]LogConfig: Setting CVar [[r.DOF.Gather.PostfilterMethod:1          ; Median3x3 postfilering method]]
[2021.01.02-18.05.20:258][  0]LogConfig: Setting CVar [[r.DOF.Gather.EnableBokehSettings:0       ; no bokeh simulation when gathering]]
[2021.01.02-18.05.20:258][  0]LogConfig: Setting CVar [[r.DOF.Gather.RingCount:4                 ; medium number of samples when gathering]]
[2021.01.02-18.05.20:258][  0]LogConfig: Setting CVar [[r.DOF.Scatter.ForegroundCompositing:1    ; additive foreground scattering]]
[2021.01.02-18.05.20:258][  0]LogConfig: Setting CVar [[r.DOF.Scatter.BackgroundCompositing:2    ; additive background scattering]]
[2021.01.02-18.05.20:258][  0]LogConfig: Setting CVar [[r.DOF.Scatter.EnableBokehSettings:1      ; bokeh simulation when scattering]]
[2021.01.02-18.05.20:258][  0]LogConfig: Setting CVar [[r.DOF.Scatter.MaxSpriteRatio:0.1         ; only a maximum of 10% of scattered bokeh]]
[2021.01.02-18.05.20:258][  0]LogConfig: Setting CVar [[r.DOF.Recombine.Quality:1                ; cheap slight out of focus]]
[2021.01.02-18.05.20:258][  0]LogConfig: Setting CVar [[r.DOF.Recombine.EnableBokehSettings:0    ; no bokeh simulation on slight out of focus]]
[2021.01.02-18.05.20:258][  0]LogConfig: Setting CVar [[r.DOF.TemporalAAQuality:1                ; more stable temporal accumulation]]
[2021.01.02-18.05.20:258][  0]LogConfig: Setting CVar [[r.DOF.Kernel.MaxForegroundRadius:0.025]]
[2021.01.02-18.05.20:258][  0]LogConfig: Setting CVar [[r.DOF.Kernel.MaxBackgroundRadius:0.025]]
[2021.01.02-18.05.20:258][  0]LogConfig: Applying CVar settings from Section [TextureQuality@3] File [C:/Users/lhutc/OneDrive/Desktop/Software Dev Practice/Unreal Projects/BasicGame/Saved/Config/Windows/Scalability.ini]
[2021.01.02-18.05.20:258][  0]LogConfig: Setting CVar [[r.Streaming.MipBias:0]]
[2021.01.02-18.05.20:258][  0]LogConfig: Setting CVar [[r.Streaming.AmortizeCPUToGPUCopy:0]]
[2021.01.02-18.05.20:258][  0]LogConfig: Setting CVar [[r.Streaming.MaxNumTexturesToStreamPerFrame:0]]
[2021.01.02-18.05.20:258][  0]LogConfig: Setting CVar [[r.Streaming.Boost:1]]
[2021.01.02-18.05.20:258][  0]LogConfig: Setting CVar [[r.MaxAnisotropy:8]]
[2021.01.02-18.05.20:258][  0]LogConfig: Setting CVar [[r.VT.MaxAnisotropy:8]]
[2021.01.02-18.05.20:258][  0]LogConfig: Setting CVar [[r.Streaming.LimitPoolSizeToVRAM:0]]
[2021.01.02-18.05.20:258][  0]LogConfig: Setting CVar [[r.Streaming.PoolSize:1000]]
[2021.01.02-18.05.20:258][  0]LogConfig: Setting CVar [[r.Streaming.MaxEffectiveScreenSize:0]]
[2021.01.02-18.05.20:259][  0]LogConfig: Applying CVar settings from Section [EffectsQuality@3] File [C:/Users/lhutc/OneDrive/Desktop/Software Dev Practice/Unreal Projects/BasicGame/Saved/Config/Windows/Scalability.ini]
[2021.01.02-18.05.20:259][  0]LogConfig: Setting CVar [[r.TranslucencyLightingVolumeDim:64]]
[2021.01.02-18.05.20:259][  0]LogConfig: Setting CVar [[r.RefractionQuality:2]]
[2021.01.02-18.05.20:259][  0]LogConfig: Setting CVar [[r.SSR.Quality:3]]
[2021.01.02-18.05.20:259][  0]LogConfig: Setting CVar [[r.SSR.HalfResSceneColor:0]]
[2021.01.02-18.05.20:259][  0]LogConfig: Setting CVar [[r.SceneColorFormat:4]]
[2021.01.02-18.05.20:259][  0]LogConfig: Setting CVar [[r.DetailMode:2]]
[2021.01.02-18.05.20:259][  0]LogConfig: Setting CVar [[r.TranslucencyVolumeBlur:1]]
[2021.01.02-18.05.20:259][  0]LogConfig: Setting CVar [[r.MaterialQualityLevel:1 ; High quality]]
[2021.01.02-18.05.20:259][  0]LogConfig: Setting CVar [[r.SSS.Scale:1]]
[2021.01.02-18.05.20:259][  0]LogConfig: Setting CVar [[r.SSS.SampleSet:2]]
[2021.01.02-18.05.20:259][  0]LogConfig: Setting CVar [[r.SSS.Quality:1]]
[2021.01.02-18.05.20:259][  0]LogConfig: Setting CVar [[r.SSS.HalfRes:0]]
[2021.01.02-18.05.20:259][  0]LogConfig: Setting CVar [[r.SSGI.Quality:3]]
[2021.01.02-18.05.20:259][  0]LogConfig: Setting CVar [[r.EmitterSpawnRateScale:1.0]]
[2021.01.02-18.05.20:259][  0]LogConfig: Setting CVar [[r.ParticleLightQuality:2]]
[2021.01.02-18.05.20:259][  0]LogConfig: Setting CVar [[r.SkyAtmosphere.AerialPerspectiveLUT.FastApplyOnOpaque:1 ; Always have FastSkyLUT 1 in this case to avoid wrong sky]]
[2021.01.02-18.05.20:259][  0]LogConfig: Setting CVar [[r.SkyAtmosphere.AerialPerspectiveLUT.SampleCountPerSlice:1]]
[2021.01.02-18.05.20:259][  0]LogConfig: Setting CVar [[r.SkyAtmosphere.AerialPerspectiveLUT.DepthResolution:16.0]]
[2021.01.02-18.05.20:259][  0]LogConfig: Setting CVar [[r.SkyAtmosphere.FastSkyLUT:1]]
[2021.01.02-18.05.20:259][  0]LogConfig: Setting CVar [[r.SkyAtmosphere.FastSkyLUT.SampleCountMin:4.0]]
[2021.01.02-18.05.20:259][  0]LogConfig: Setting CVar [[r.SkyAtmosphere.FastSkyLUT.SampleCountMax:32.0]]
[2021.01.02-18.05.20:259][  0]LogConfig: Setting CVar [[r.SkyAtmosphere.SampleCountMin:4.0]]
[2021.01.02-18.05.20:259][  0]LogConfig: Setting CVar [[r.SkyAtmosphere.SampleCountMax:32.0]]
[2021.01.02-18.05.20:259][  0]LogConfig: Setting CVar [[r.SkyAtmosphere.TransmittanceLUT.UseSmallFormat:0]]
[2021.01.02-18.05.20:259][  0]LogConfig: Setting CVar [[r.SkyAtmosphere.TransmittanceLUT.SampleCount:10.0]]
[2021.01.02-18.05.20:259][  0]LogConfig: Setting CVar [[r.SkyAtmosphere.MultiScatteringLUT.SampleCount:15.0]]
[2021.01.02-18.05.20:259][  0]LogConfig: Applying CVar settings from Section [FoliageQuality@3] File [C:/Users/lhutc/OneDrive/Desktop/Software Dev Practice/Unreal Projects/BasicGame/Saved/Config/Windows/Scalability.ini]
[2021.01.02-18.05.20:259][  0]LogConfig: Setting CVar [[foliage.DensityScale:1.0]]
[2021.01.02-18.05.20:259][  0]LogConfig: Setting CVar [[grass.DensityScale:1.0]]
[2021.01.02-18.05.20:259][  0]LogConfig: Applying CVar settings from Section [ShadingQuality@3] File [C:/Users/lhutc/OneDrive/Desktop/Software Dev Practice/Unreal Projects/BasicGame/Saved/Config/Windows/Scalability.ini]
[2021.01.02-18.05.20:259][  0]LogConfig: Setting CVar [[r.HairStrands.SkyLighting.SampleCount:16]]
[2021.01.02-18.05.20:260][  0]LogConfig: Setting CVar [[r.HairStrands.SkyLighting.JitterIntegration:0]]
[2021.01.02-18.05.20:260][  0]LogConfig: Setting CVar [[r.HairStrands.SkyAO.SampleCount:16]]
[2021.01.02-18.05.20:260][  0]LogConfig: Setting CVar [[r.HairStrands.DeepShadow.SuperSampling:0]]
[2021.01.02-18.05.20:260][  0]LogConfig: Setting CVar [[r.HairStrands.VisibilityPPLL:0]]
[2021.01.02-18.05.20:260][  0]LogConfig: Setting CVar [[r.HairStrands.RasterizationScale:0.5]]
[2021.01.02-18.05.20:260][  0]LogConfig: Setting CVar [[r.HairStrands.VelocityRasterizationScale:1]]
[2021.01.02-18.05.20:260][  0]LogInit: Selected Device Profile: [Windows]
[2021.01.02-18.05.20:260][  0]LogInit: Applying CVar settings loaded from the selected device profile: [Windows]
[2021.01.02-18.05.20:260][  0]LogHAL: Display: Platform has ~ 16 GB [17096511488 / 17179869184 / 16], which maps to Larger [LargestMinGB=32, LargerMinGB=12, DefaultMinGB=8, SmallerMinGB=6, SmallestMinGB=0)
[2021.01.02-18.05.20:260][  0]LogInit: Going up to parent DeviceProfile []
[2021.01.02-18.05.20:260][  0]LogConfig: Applying CVar settings from Section [ViewDistanceQuality@3] File [C:/Users/lhutc/OneDrive/Desktop/Software Dev Practice/Unreal Projects/BasicGame/Saved/Config/Windows/Scalability.ini]
[2021.01.02-18.05.20:260][  0]LogConfig: Setting CVar [[r.SkeletalMeshLODBias:0]]
[2021.01.02-18.05.20:260][  0]LogConfig: Setting CVar [[r.ViewDistanceScale:1.0]]
[2021.01.02-18.05.20:260][  0]LogConfig: Applying CVar settings from Section [AntiAliasingQuality@3] File [C:/Users/lhutc/OneDrive/Desktop/Software Dev Practice/Unreal Projects/BasicGame/Saved/Config/Windows/Scalability.ini]
[2021.01.02-18.05.20:260][  0]LogConfig: Setting CVar [[r.PostProcessAAQuality:4]]
[2021.01.02-18.05.20:260][  0]LogConfig: Applying CVar settings from Section [ShadowQuality@3] File [C:/Users/lhutc/OneDrive/Desktop/Software Dev Practice/Unreal Projects/BasicGame/Saved/Config/Windows/Scalability.ini]
[2021.01.02-18.05.20:260][  0]LogConfig: Setting CVar [[r.LightFunctionQuality:1]]
[2021.01.02-18.05.20:260][  0]LogConfig: Setting CVar [[r.ShadowQuality:5]]
[2021.01.02-18.05.20:260][  0]LogConfig: Setting CVar [[r.Shadow.CSM.MaxCascades:10]]
[2021.01.02-18.05.20:260][  0]LogConfig: Setting CVar [[r.Shadow.MaxResolution:2048]]
[2021.01.02-18.05.20:260][  0]LogConfig: Setting CVar [[r.Shadow.MaxCSMResolution:2048]]
[2021.01.02-18.05.20:260][  0]LogConfig: Setting CVar [[r.Shadow.RadiusThreshold:0.01]]
[2021.01.02-18.05.20:260][  0]LogConfig: Setting CVar [[r.Shadow.DistanceScale:1.0]]
[2021.01.02-18.05.20:261][  0]LogConfig: Setting CVar [[r.Shadow.CSM.TransitionScale:1.0]]
[2021.01.02-18.05.20:261][  0]LogConfig: Setting CVar [[r.Shadow.PreShadowResolutionFactor:1.0]]
[2021.01.02-18.05.20:261][  0]LogConfig: Setting CVar [[r.DistanceFieldShadowing:1]]
[2021.01.02-18.05.20:261][  0]LogConfig: Setting CVar [[r.DistanceFieldAO:1]]
[2021.01.02-18.05.20:261][  0]LogConfig: Setting CVar [[r.AOQuality:2]]
[2021.01.02-18.05.20:261][  0]LogConfig: Setting CVar [[r.VolumetricFog:1]]
[2021.01.02-18.05.20:261][  0]LogConfig: Setting CVar [[r.VolumetricFog.GridPixelSize:8]]
[2021.01.02-18.05.20:261][  0]LogConfig: Setting CVar [[r.VolumetricFog.GridSizeZ:128]]
[2021.01.02-18.05.20:261][  0]LogConfig: Setting CVar [[r.VolumetricFog.HistoryMissSupersampleCount:4]]
[2021.01.02-18.05.20:261][  0]LogConfig: Setting CVar [[r.LightMaxDrawDistanceScale:1]]
[2021.01.02-18.05.20:261][  0]LogConfig: Setting CVar [[r.CapsuleShadows:1]]
[2021.01.02-18.05.20:261][  0]LogConfig: Applying CVar settings from Section [PostProcessQuality@3] File [C:/Users/lhutc/OneDrive/Desktop/Software Dev Practice/Unreal Projects/BasicGame/Saved/Config/Windows/Scalability.ini]
[2021.01.02-18.05.20:261][  0]LogConfig: Setting CVar [[r.MotionBlurQuality:4]]
[2021.01.02-18.05.20:261][  0]LogConfig: Setting CVar [[r.AmbientOcclusionMipLevelFactor:0.4]]
[2021.01.02-18.05.20:261][  0]LogConfig: Setting CVar [[r.AmbientOcclusionMaxQuality:100]]
[2021.01.02-18.05.20:261][  0]LogConfig: Setting CVar [[r.AmbientOcclusionLevels:-1]]
[2021.01.02-18.05.20:261][  0]LogConfig: Setting CVar [[r.AmbientOcclusionRadiusScale:1.0]]
[2021.01.02-18.05.20:261][  0]LogConfig: Setting CVar [[r.DepthOfFieldQuality:2]]
[2021.01.02-18.05.20:261][  0]LogConfig: Setting CVar [[r.RenderTargetPoolMin:400]]
[2021.01.02-18.05.20:261][  0]LogConfig: Setting CVar [[r.LensFlareQuality:2]]
[2021.01.02-18.05.20:261][  0]LogConfig: Setting CVar [[r.SceneColorFringeQuality:1]]
[2021.01.02-18.05.20:261][  0]LogConfig: Setting CVar [[r.EyeAdaptationQuality:2]]
[2021.01.02-18.05.20:261][  0]LogConfig: Setting CVar [[r.BloomQuality:5]]
[2021.01.02-18.05.20:261][  0]LogConfig: Setting CVar [[r.FastBlurThreshold:100]]
[2021.01.02-18.05.20:261][  0]LogConfig: Setting CVar [[r.Upscale.Quality:3]]
[2021.01.02-18.05.20:261][  0]LogConfig: Setting CVar [[r.Tonemapper.GrainQuantization:1]]
[2021.01.02-18.05.20:261][  0]LogConfig: Setting CVar [[r.LightShaftQuality:1]]
[2021.01.02-18.05.20:261][  0]LogConfig: Setting CVar [[r.Filter.SizeScale:1]]
[2021.01.02-18.05.20:261][  0]LogConfig: Setting CVar [[r.Tonemapper.Quality:5]]
[2021.01.02-18.05.20:261][  0]LogConfig: Setting CVar [[r.DOF.Gather.AccumulatorQuality:1        ; higher gathering accumulator quality]]
[2021.01.02-18.05.20:261][  0]LogConfig: Setting CVar [[r.DOF.Gather.PostfilterMethod:1          ; Median3x3 postfilering method]]
[2021.01.02-18.05.20:261][  0]LogConfig: Setting CVar [[r.DOF.Gather.EnableBokehSettings:0       ; no bokeh simulation when gathering]]
[2021.01.02-18.05.20:262][  0]LogConfig: Setting CVar [[r.DOF.Gather.RingCount:4                 ; medium number of samples when gathering]]
[2021.01.02-18.05.20:262][  0]LogConfig: Setting CVar [[r.DOF.Scatter.ForegroundCompositing:1    ; additive foreground scattering]]
[2021.01.02-18.05.20:262][  0]LogConfig: Setting CVar [[r.DOF.Scatter.BackgroundCompositing:2    ; additive background scattering]]
[2021.01.02-18.05.20:262][  0]LogConfig: Setting CVar [[r.DOF.Scatter.EnableBokehSettings:1      ; bokeh simulation when scattering]]
[2021.01.02-18.05.20:262][  0]LogConfig: Setting CVar [[r.DOF.Scatter.MaxSpriteRatio:0.1         ; only a maximum of 10% of scattered bokeh]]
[2021.01.02-18.05.20:262][  0]LogConfig: Setting CVar [[r.DOF.Recombine.Quality:1                ; cheap slight out of focus]]
[2021.01.02-18.05.20:262][  0]LogConfig: Setting CVar [[r.DOF.Recombine.EnableBokehSettings:0    ; no bokeh simulation on slight out of focus]]
[2021.01.02-18.05.20:262][  0]LogConfig: Setting CVar [[r.DOF.TemporalAAQuality:1                ; more stable temporal accumulation]]
[2021.01.02-18.05.20:262][  0]LogConfig: Setting CVar [[r.DOF.Kernel.MaxForegroundRadius:0.025]]
[2021.01.02-18.05.20:262][  0]LogConfig: Setting CVar [[r.DOF.Kernel.MaxBackgroundRadius:0.025]]
[2021.01.02-18.05.20:262][  0]LogConfig: Applying CVar settings from Section [TextureQuality@3] File [C:/Users/lhutc/OneDrive/Desktop/Software Dev Practice/Unreal Projects/BasicGame/Saved/Config/Windows/Scalability.ini]
[2021.01.02-18.05.20:262][  0]LogConfig: Setting CVar [[r.Streaming.MipBias:0]]
[2021.01.02-18.05.20:262][  0]LogConfig: Setting CVar [[r.Streaming.AmortizeCPUToGPUCopy:0]]
[2021.01.02-18.05.20:262][  0]LogConfig: Setting CVar [[r.Streaming.MaxNumTexturesToStreamPerFrame:0]]
[2021.01.02-18.05.20:262][  0]LogConfig: Setting CVar [[r.Streaming.Boost:1]]
[2021.01.02-18.05.20:262][  0]LogConfig: Setting CVar [[r.MaxAnisotropy:8]]
[2021.01.02-18.05.20:262][  0]LogConfig: Setting CVar [[r.VT.MaxAnisotropy:8]]
[2021.01.02-18.05.20:262][  0]LogConfig: Setting CVar [[r.Streaming.LimitPoolSizeToVRAM:0]]
[2021.01.02-18.05.20:262][  0]LogConfig: Setting CVar [[r.Streaming.PoolSize:1000]]
[2021.01.02-18.05.20:262][  0]LogConfig: Setting CVar [[r.Streaming.MaxEffectiveScreenSize:0]]
[2021.01.02-18.05.20:262][  0]LogConfig: Applying CVar settings from Section [EffectsQuality@3] File [C:/Users/lhutc/OneDrive/Desktop/Software Dev Practice/Unreal Projects/BasicGame/Saved/Config/Windows/Scalability.ini]
[2021.01.02-18.05.20:262][  0]LogConfig: Setting CVar [[r.TranslucencyLightingVolumeDim:64]]
[2021.01.02-18.05.20:262][  0]LogConfig: Setting CVar [[r.RefractionQuality:2]]
[2021.01.02-18.05.20:262][  0]LogConfig: Setting CVar [[r.SSR.Quality:3]]
[2021.01.02-18.05.20:262][  0]LogConfig: Setting CVar [[r.SSR.HalfResSceneColor:0]]
[2021.01.02-18.05.20:262][  0]LogConfig: Setting CVar [[r.SceneColorFormat:4]]
[2021.01.02-18.05.20:262][  0]LogConfig: Setting CVar [[r.DetailMode:2]]
[2021.01.02-18.05.20:262][  0]LogConfig: Setting CVar [[r.TranslucencyVolumeBlur:1]]
[2021.01.02-18.05.20:262][  0]LogConfig: Setting CVar [[r.MaterialQualityLevel:1 ; High quality]]
[2021.01.02-18.05.20:262][  0]LogConfig: Setting CVar [[r.SSS.Scale:1]]
[2021.01.02-18.05.20:262][  0]LogConfig: Setting CVar [[r.SSS.SampleSet:2]]
[2021.01.02-18.05.20:262][  0]LogConfig: Setting CVar [[r.SSS.Quality:1]]
[2021.01.02-18.05.20:263][  0]LogConfig: Setting CVar [[r.SSS.HalfRes:0]]
[2021.01.02-18.05.20:263][  0]LogConfig: Setting CVar [[r.SSGI.Quality:3]]
[2021.01.02-18.05.20:263][  0]LogConfig: Setting CVar [[r.EmitterSpawnRateScale:1.0]]
[2021.01.02-18.05.20:263][  0]LogConfig: Setting CVar [[r.ParticleLightQuality:2]]
[2021.01.02-18.05.20:263][  0]LogConfig: Setting CVar [[r.SkyAtmosphere.AerialPerspectiveLUT.FastApplyOnOpaque:1 ; Always have FastSkyLUT 1 in this case to avoid wrong sky]]
[2021.01.02-18.05.20:263][  0]LogConfig: Setting CVar [[r.SkyAtmosphere.AerialPerspectiveLUT.SampleCountPerSlice:1]]
[2021.01.02-18.05.20:263][  0]LogConfig: Setting CVar [[r.SkyAtmosphere.AerialPerspectiveLUT.DepthResolution:16.0]]
[2021.01.02-18.05.20:263][  0]LogConfig: Setting CVar [[r.SkyAtmosphere.FastSkyLUT:1]]
[2021.01.02-18.05.20:263][  0]LogConfig: Setting CVar [[r.SkyAtmosphere.FastSkyLUT.SampleCountMin:4.0]]
[2021.01.02-18.05.20:263][  0]LogConfig: Setting CVar [[r.SkyAtmosphere.FastSkyLUT.SampleCountMax:32.0]]
[2021.01.02-18.05.20:263][  0]LogConfig: Setting CVar [[r.SkyAtmosphere.SampleCountMin:4.0]]
[2021.01.02-18.05.20:263][  0]LogConfig: Setting CVar [[r.SkyAtmosphere.SampleCountMax:32.0]]
[2021.01.02-18.05.20:263][  0]LogConfig: Setting CVar [[r.SkyAtmosphere.TransmittanceLUT.UseSmallFormat:0]]
[2021.01.02-18.05.20:263][  0]LogConfig: Setting CVar [[r.SkyAtmosphere.TransmittanceLUT.SampleCount:10.0]]
[2021.01.02-18.05.20:263][  0]LogConfig: Setting CVar [[r.SkyAtmosphere.MultiScatteringLUT.SampleCount:15.0]]
[2021.01.02-18.05.20:263][  0]LogConfig: Applying CVar settings from Section [FoliageQuality@3] File [C:/Users/lhutc/OneDrive/Desktop/Software Dev Practice/Unreal Projects/BasicGame/Saved/Config/Windows/Scalability.ini]
[2021.01.02-18.05.20:263][  0]LogConfig: Setting CVar [[foliage.DensityScale:1.0]]
[2021.01.02-18.05.20:263][  0]LogConfig: Setting CVar [[grass.DensityScale:1.0]]
[2021.01.02-18.05.20:263][  0]LogConfig: Applying CVar settings from Section [ShadingQuality@3] File [C:/Users/lhutc/OneDrive/Desktop/Software Dev Practice/Unreal Projects/BasicGame/Saved/Config/Windows/Scalability.ini]
[2021.01.02-18.05.20:263][  0]LogConfig: Setting CVar [[r.HairStrands.SkyLighting.SampleCount:16]]
[2021.01.02-18.05.20:263][  0]LogConfig: Setting CVar [[r.HairStrands.SkyLighting.JitterIntegration:0]]
[2021.01.02-18.05.20:263][  0]LogConfig: Setting CVar [[r.HairStrands.SkyAO.SampleCount:16]]
[2021.01.02-18.05.20:263][  0]LogConfig: Setting CVar [[r.HairStrands.DeepShadow.SuperSampling:0]]
[2021.01.02-18.05.20:263][  0]LogConfig: Setting CVar [[r.HairStrands.VisibilityPPLL:0]]
[2021.01.02-18.05.20:263][  0]LogConfig: Setting CVar [[r.HairStrands.RasterizationScale:0.5]]
[2021.01.02-18.05.20:263][  0]LogConfig: Setting CVar [[r.HairStrands.VelocityRasterizationScale:1]]
[2021.01.02-18.05.20:263][  0]LogConfig: Applying CVar settings from Section [Startup] File [../../../Engine/Config/ConsoleVariables.ini]
[2021.01.02-18.05.20:264][  0]LogConfig: Setting CVar [[net.UseAdaptiveNetUpdateFrequency:0]]
[2021.01.02-18.05.20:264][  0]LogConfig: Setting CVar [[p.chaos.AllowCreatePhysxBodies:1]]
[2021.01.02-18.05.20:264][  0]LogConfig: Setting CVar [[fx.SkipVectorVMBackendOptimizations:1]]
[2021.01.02-18.05.20:264][  0]LogConfig: Applying CVar settings from Section [ConsoleVariables] File [C:/Users/lhutc/OneDrive/Desktop/Software Dev Practice/Unreal Projects/BasicGame/Saved/Config/Windows/Engine.ini]
[2021.01.02-18.05.20:264][  0]LogInit: Computer: DESKTOP-OGQH2TG
[2021.01.02-18.05.20:264][  0]LogInit: User: lhutc
[2021.01.02-18.05.20:264][  0]LogInit: CPU Page size=4096, Cores=6
[2021.01.02-18.05.20:264][  0]LogInit: High frequency timer resolution =10.000000 MHz
[2021.01.02-18.05.20:265][  0]LogMemory: Memory total: Physical=15.9GB (16GB approx)
[2021.01.02-18.05.20:265][  0]LogMemory: Platform Memory Stats for Windows
[2021.01.02-18.05.20:265][  0]LogMemory: Process Physical Memory: 114.46 MB used, 114.47 MB peak
[2021.01.02-18.05.20:265][  0]LogMemory: Process Virtual Memory: 97.14 MB used, 97.14 MB peak
[2021.01.02-18.05.20:265][  0]LogMemory: Physical Memory: 7644.20 MB used,  8660.31 MB free, 16304.50 MB total
[2021.01.02-18.05.20:265][  0]LogMemory: Virtual Memory: 5164.88 MB used,  134212560.00 MB free, 134217728.00 MB total
[2021.01.02-18.05.20:273][  0]LogWindows: WindowsPlatformFeatures enabled
[2021.01.02-18.05.20:359][  0]LogInit: Physics initialised using underlying interface: PhysX
[2021.01.02-18.05.20:360][  0]LogInit: Using OS detected language (en-US).
[2021.01.02-18.05.20:360][  0]LogInit: Using OS detected locale (en-US).
[2021.01.02-18.05.20:364][  0]LogTextLocalizationManager: No specific localization for 'en-US' exists, so the 'en' localization will be used.
[2021.01.02-18.05.20:579][  0]LogInit: Setting process to per monitor DPI aware
[2021.01.02-18.05.20:633][  0]LogSlate: New Slate User Created.  User Index 0, Is Virtual User: 0
[2021.01.02-18.05.20:633][  0]LogSlate: Slate User Registered.  User Index 0, Is Virtual User: 0
[2021.01.02-18.05.20:775][  0]LogHMD: Failed to initialize OpenVR with code 110
[2021.01.02-18.05.20:775][  0]LogD3D11RHI: D3D11 min allowed feature level: 11_0
[2021.01.02-18.05.20:775][  0]LogD3D11RHI: D3D11 max allowed feature level: 11_0
[2021.01.02-18.05.20:775][  0]LogD3D11RHI: D3D11 adapters:
[2021.01.02-18.05.20:854][  0]LogD3D11RHI:    0. 'NVIDIA GeForce GTX 1070 Ti' (Feature Level 11_0)
[2021.01.02-18.05.20:854][  0]LogD3D11RHI:       8079/0/8152 MB DedicatedVideo/DedicatedSystem/SharedSystem, Outputs:1, VendorId:0x10de
[2021.01.02-18.05.20:857][  0]LogD3D11RHI:    1. 'Microsoft Basic Render Driver' (Feature Level 11_0)
[2021.01.02-18.05.20:857][  0]LogD3D11RHI:       0/0/8152 MB DedicatedVideo/DedicatedSystem/SharedSystem, Outputs:0, VendorId:0x1414
[2021.01.02-18.05.20:857][  0]LogD3D11RHI: Chosen D3D11 Adapter: 0
[2021.01.02-18.05.20:863][  0]LogD3D11RHI: Creating new Direct3DDevice
[2021.01.02-18.05.20:863][  0]LogD3D11RHI:     GPU DeviceId: 0x1b82 (for the marketing name, search the web for "GPU Device Id")
[2021.01.02-18.05.20:863][  0]LogWindows: EnumDisplayDevices:
[2021.01.02-18.05.20:863][  0]LogWindows:    0. 'NVIDIA GeForce GTX 1070 Ti' (P:1 D:1)
[2021.01.02-18.05.20:863][  0]LogWindows:    1. 'NVIDIA GeForce GTX 1070 Ti' (P:0 D:0)
[2021.01.02-18.05.20:864][  0]LogWindows:    2. 'NVIDIA GeForce GTX 1070 Ti' (P:0 D:0)
[2021.01.02-18.05.20:864][  0]LogWindows:    3. 'NVIDIA GeForce GTX 1070 Ti' (P:0 D:0)
[2021.01.02-18.05.20:864][  0]LogWindows: DebugString: FoundDriverCount:4 
[2021.01.02-18.05.20:864][  0]LogD3D11RHI:     Adapter Name: NVIDIA GeForce GTX 1070 Ti
[2021.01.02-18.05.20:864][  0]LogD3D11RHI:   Driver Version: 456.71 (internal:27.21.14.5671, unified:456.71)
[2021.01.02-18.05.20:864][  0]LogD3D11RHI:      Driver Date: 9-30-2020
[2021.01.02-18.05.20:864][  0]LogRHI: Texture pool is 5655 MB (70% of 8079 MB)
[2021.01.02-18.05.20:931][  0]LogD3D11RHI: RHI has support for 64 bit atomics
[2021.01.02-18.05.20:931][  0]LogD3D11RHI: Async texture creation enabled
[2021.01.02-18.05.20:931][  0]LogD3D11RHI: Array index from any shader is supported
[2021.01.02-18.05.20:965][  0]LogD3D11RHI: GPU Timing Frequency: 1000.000000 (Debug: 2 1)
[2021.01.02-18.05.21:275][  0]LogTargetPlatformManager: Display: Loaded TargetPlatform 'AllDesktop'
[2021.01.02-18.05.21:297][  0]LogTargetPlatformManager: Display: Loaded TargetPlatform 'Android'
[2021.01.02-18.05.21:297][  0]LogTargetPlatformManager: Display: Loaded TargetPlatform 'Android_ASTC'
[2021.01.02-18.05.21:297][  0]LogTargetPlatformManager: Display: Loaded TargetPlatform 'Android_DXT'
[2021.01.02-18.05.21:297][  0]LogTargetPlatformManager: Display: Loaded TargetPlatform 'Android_ETC2'
[2021.01.02-18.05.21:297][  0]LogTargetPlatformManager: Display: Loaded TargetPlatform 'AndroidClient'
[2021.01.02-18.05.21:297][  0]LogTargetPlatformManager: Display: Loaded TargetPlatform 'Android_ASTCClient'
[2021.01.02-18.05.21:297][  0]LogTargetPlatformManager: Display: Loaded TargetPlatform 'Android_DXTClient'
[2021.01.02-18.05.21:297][  0]LogTargetPlatformManager: Display: Loaded TargetPlatform 'Android_ETC2Client'
[2021.01.02-18.05.21:297][  0]LogTargetPlatformManager: Display: Loaded TargetPlatform 'Android_Multi'
[2021.01.02-18.05.21:297][  0]LogTargetPlatformManager: Display: Loaded TargetPlatform 'Android_MultiClient'
[2021.01.02-18.05.21:320][  0]LogTargetPlatformManager: Display: Loaded TargetPlatform 'IOSClient'
[2021.01.02-18.05.21:321][  0]LogTargetPlatformManager: Display: Loaded TargetPlatform 'IOS'
[2021.01.02-18.05.21:334][  0]LogTargetPlatformManager: Display: Loaded TargetPlatform 'Linux'
[2021.01.02-18.05.21:347][  0]LogTargetPlatformManager: Display: Loaded TargetPlatform 'LinuxNoEditor'
[2021.01.02-18.05.21:360][  0]LogTargetPlatformManager: Display: Loaded TargetPlatform 'LinuxClient'
[2021.01.02-18.05.21:370][  0]LogTargetPlatformManager: Display: Loaded TargetPlatform 'LinuxServer'
[2021.01.02-18.05.21:387][  0]LogTargetPlatformManager: Display: Loaded TargetPlatform 'LinuxAArch64NoEditor'
[2021.01.02-18.05.21:399][  0]LogTargetPlatformManager: Display: Loaded TargetPlatform 'LinuxAArch64Client'
[2021.01.02-18.05.21:409][  0]LogTargetPlatformManager: Display: Loaded TargetPlatform 'LinuxAArch64Server'
[2021.01.02-18.05.21:456][  0]LogTargetPlatformManager: Display: Loaded TargetPlatform 'Lumin'
[2021.01.02-18.05.21:456][  0]LogTargetPlatformManager: Display: Loaded TargetPlatform 'LuminClient'
[2021.01.02-18.05.21:478][  0]LogTargetPlatformManager: Display: Loaded TargetPlatform 'TVOSClient'
[2021.01.02-18.05.21:478][  0]LogTargetPlatformManager: Display: Loaded TargetPlatform 'TVOS'
[2021.01.02-18.05.21:489][  0]LogTargetPlatformManager: Display: Loaded TargetPlatform 'WindowsNoEditor'
[2021.01.02-18.05.21:500][  0]LogTargetPlatformManager: Display: Loaded TargetPlatform 'Windows'
[2021.01.02-18.05.21:513][  0]LogTargetPlatformManager: Display: Loaded TargetPlatform 'WindowsClient'
[2021.01.02-18.05.21:524][  0]LogTargetPlatformManager: Display: Loaded TargetPlatform 'WindowsServer'
[2021.01.02-18.05.21:524][  0]LogTargetPlatformManager: Display: Building Assets For Windows
[2021.01.02-18.05.21:534][  0]LogAudioDebug: Display: Lib vorbis DLL was dynamically loaded.
[2021.01.02-18.05.21:594][  0]LogShaderCompilers: Guid format shader working directory is -49 characters bigger than the processId version (../../../../../../Users/lhutc/OneDrive/Desktop/Software Dev Practice/Unreal Projects/BasicGame/Intermediate/Shaders/WorkingDirectory/22252/).
[2021.01.02-18.05.21:595][  0]LogShaderCompilers: Cleaned the shader compiler working directory 'C:/Users/lhutc/AppData/Local/Temp/UnrealShaderWorkingDir/A62136EE46FD9D6BF81F2CAF783B545B/'.
[2021.01.02-18.05.21:595][  0]LogXGEController: Cannot use XGE Controller as Incredibuild is not installed on this machine.
[2021.01.02-18.05.21:595][  0]LogShaderCompilers: Cannot use XGE Shader Compiler as Incredibuild is not installed on this machine.
[2021.01.02-18.05.21:595][  0]LogShaderCompilers: Display: Using Local Shader Compiler.
[2021.01.02-18.05.22:417][  0]LogDerivedDataCache: Display: Max Cache Size: 512 MB
[2021.01.02-18.05.22:514][  0]LogDerivedDataCache: Loaded boot cache 0.07s 76MB C:/Users/lhutc/AppData/Local/UnrealEngine/4.25/DerivedDataCache/Boot.ddc.
[2021.01.02-18.05.22:514][  0]LogDerivedDataCache: Display: Loaded Boot cache: C:/Users/lhutc/AppData/Local/UnrealEngine/4.25/DerivedDataCache/Boot.ddc
[2021.01.02-18.05.22:514][  0]LogDerivedDataCache: FDerivedDataBackendGraph:  Pak pak cache file ../../../../../../Users/lhutc/OneDrive/Desktop/Software Dev Practice/Unreal Projects/BasicGame/DerivedDataCache/DDC.ddp not found, will not use a pak cache.
[2021.01.02-18.05.22:514][  0]LogDerivedDataCache: Unable to find inner node Pak for hierarchical cache Hierarchy.
[2021.01.02-18.05.22:514][  0]LogDerivedDataCache: FDerivedDataBackendGraph:  CompressedPak pak cache file ../../../../../../Users/lhutc/OneDrive/Desktop/Software Dev Practice/Unreal Projects/BasicGame/DerivedDataCache/Compressed.ddp not found, will not use a pak cache.
[2021.01.02-18.05.22:514][  0]LogDerivedDataCache: Unable to find inner node CompressedPak for hierarchical cache Hierarchy.
[2021.01.02-18.05.22:524][  0]LogDerivedDataCache: Display: Pak cache opened for reading ../../../Engine/DerivedDataCache/Compressed.ddp.
[2021.01.02-18.05.22:524][  0]LogDerivedDataCache: FDerivedDataBackendGraph:  EnterprisePak pak cache file ../../../Enterprise/DerivedDataCache/Compressed.ddp not found, will not use a pak cache.
[2021.01.02-18.05.22:524][  0]LogDerivedDataCache: Unable to find inner node EnterprisePak for hierarchical cache Hierarchy.
[2021.01.02-18.05.22:526][  0]LogDerivedDataCache: Using Local data cache path C:/Users/lhutc/AppData/Local/UnrealEngine/Common/DerivedDataCache: Writable
[2021.01.02-18.05.22:526][  0]LogDerivedDataCache: Shared data cache path not found in *engine.ini, will not use an Shared cache.
[2021.01.02-18.05.22:526][  0]LogDerivedDataCache: Unable to find inner node Shared for hierarchical cache Hierarchy.
[2021.01.02-18.05.22:595][  0]LogSlate: Using FreeType 2.10.0
[2021.01.02-18.05.22:596][  0]LogSlate: SlateFontServices - WITH_FREETYPE: 1, WITH_HARFBUZZ: 1
[2021.01.02-18.05.22:625][  0]LogAssetRegistry: FAssetRegistry took 0.0029 seconds to start up
[2021.01.02-18.05.22:872][  0]LogInit: Selected Device Profile: [Windows]
[2021.01.02-18.05.23:005][  0]LogMeshReduction: Using QuadricMeshReduction for automatic static mesh reduction
[2021.01.02-18.05.23:005][  0]LogMeshReduction: Using SimplygonMeshReduction for automatic skeletal mesh reduction
[2021.01.02-18.05.23:005][  0]LogMeshReduction: Using ProxyLODMeshReduction for automatic mesh merging
[2021.01.02-18.05.23:005][  0]LogMeshReduction: No distributed automatic mesh merging module available
[2021.01.02-18.05.23:005][  0]LogMeshMerging: No distributed automatic mesh merging module available
[2021.01.02-18.05.23:032][  0]LogNetVersion: BasicGame 1.0.0, NetCL: 13144385, EngineNetVer: 14, GameNetVer: 0 (Checksum: 3123881193)
[2021.01.02-18.05.23:525][  0]LogAISub: UAISubsystem::UAISubsystem AISubsystem (000001E55F748380), frame # 0
[2021.01.02-18.05.23:525][  0]LogAISub: UAISubsystem::UAISubsystem AIPerceptionSystem (000001E55F684CC0), frame # 0
[2021.01.02-18.05.23:526][  0]LogAISub: UAISubsystem::UAISubsystem EnvQueryManager (000001E55F708800), frame # 0
[2021.01.02-18.05.23:836][  0]LogPackageLocalizationCache: Processed 19 localized package path(s) for 1 prioritized culture(s) in 0.303075 seconds
[2021.01.02-18.05.23:843][  0]LogUObjectArray: 15917 objects as part of root set at end of initial load.
[2021.01.02-18.05.23:843][  0]LogUObjectAllocator: 3965568 out of 0 bytes used by permanent object pool.
[2021.01.02-18.05.23:843][  0]LogUObjectArray: CloseDisregardForGC: 0/0 objects in disregard for GC pool
[2021.01.02-18.05.24:203][  0]LogTcpMessaging: Initializing TcpMessaging bridge
[2021.01.02-18.05.24:208][  0]LogUdpMessaging: Initializing bridge on interface 0.0.0.0:0 to multicast group 230.0.0.1:6666.
[2021.01.02-18.05.24:287][  0]SourceControl: Source control is disabled
[2021.01.02-18.05.24:287][  0]SourceControl: Source control is disabled
[2021.01.02-18.05.24:290][  0]SourceControl: Source control is disabled
[2021.01.02-18.05.24:293][  0]SourceControl: Source control is disabled
[2021.01.02-18.05.24:300][  0]SourceControl: Source control is disabled
[2021.01.02-18.05.24:591][  0]LogAndroidPermission: UAndroidPermissionCallbackProxy::GetInstance
[2021.01.02-18.05.24:612][  0]LogAudioCaptureCore: Display: No Audio Capture implementations found. Audio input will be silent.
[2021.01.02-18.05.24:612][  0]LogAudioCaptureCore: Display: No Audio Capture implementations found. Audio input will be silent.
[2021.01.02-18.05.24:669][  0]LogOcInput: OculusInput pre-init called
[2021.01.02-18.05.24:679][  0]LogWindows: Failed to load 'OVRPlugin.dll' (GetLastError=126)
[2021.01.02-18.05.24:679][  0]LogWindows: File 'OVRPlugin.dll' does not exist
[2021.01.02-18.05.24:755][  0]LogEngine: Initializing Engine...
[2021.01.02-18.05.24:785][  0]LogHMD: Failed to initialize OpenVR with code 110
[2021.01.02-18.05.24:789][  0]LogMagicLeap: Warning: VR disabled because ZI is not enabled.  To enable, in the editor, Edit -> Project Settings -> Plugins -> Magic Leap Plugin -> Enable Zero Iteration
[2021.01.02-18.05.24:802][  0]LogStats: UGameplayTagsManager::InitializeManager -  0.000 s
[2021.01.02-18.05.24:936][  0]LogInit: Initializing FReadOnlyCVARCache
[2021.01.02-18.05.24:952][  0]LogAIModule: Creating AISystem for world Untitled
[2021.01.02-18.05.24:952][  0]LogAISub: UAISubsystem::UAISubsystem EnvQueryManager (000001E561AADC00), frame # 0
[2021.01.02-18.05.24:953][  0]LogAISub: UAISubsystem::UAISubsystem AIPerceptionSystem (000001E561ACDE40), frame # 0
[2021.01.02-18.05.24:959][  0]LogAudioMixer: Display: Audio Mixer Platform Settings:
[2021.01.02-18.05.24:959][  0]LogAudioMixer: Display: 	Sample Rate:						  48000
[2021.01.02-18.05.24:959][  0]LogAudioMixer: Display: 	Callback Buffer Frame Size Requested: 1024
[2021.01.02-18.05.24:959][  0]LogAudioMixer: Display: 	Callback Buffer Frame Size To Use:	  1024
[2021.01.02-18.05.24:959][  0]LogAudioMixer: Display: 	Number of buffers to queue:			  2
[2021.01.02-18.05.24:959][  0]LogAudioMixer: Display: 	Max Channels (voices):				  32
[2021.01.02-18.05.24:959][  0]LogAudioMixer: Display: 	Number of Async Source Workers:		  0
[2021.01.02-18.05.24:959][  0]LogAudio: Display: AudioDevice MaxSources: 32
[2021.01.02-18.05.24:959][  0]LogAudio: Display: Using built-in audio occlusion.
[2021.01.02-18.05.24:959][  0]LogAudioMixer: Display: Initializing audio mixer.
[2021.01.02-18.05.24:971][  0]LogAudioMixer: Display: 0: FrontLeft
[2021.01.02-18.05.24:971][  0]LogAudioMixer: Display: 1: FrontRight
[2021.01.02-18.05.25:027][  0]LogAudioMixer: Display: Using Audio Device ROG PG279Q (2- NVIDIA High Definition Audio)
[2021.01.02-18.05.25:030][  0]LogAudioMixer: Display: Initializing Sound Submixes...
[2021.01.02-18.05.25:033][  0]LogAudioMixer: Display: Creating Master Submix 'MasterSubmixDefault'
[2021.01.02-18.05.25:033][  0]LogAudioMixer: Display: Creating Master Submix 'MasterReverbSubmixDefault'
[2021.01.02-18.05.25:034][  0]LogAudioMixer: Display: Creating Master Submix 'MasterEQSubmixDefault'
[2021.01.02-18.05.25:035][  0]LogInit: FAudioDevice initialized.
[2021.01.02-18.05.25:035][  0]LogNetVersion: Set ProjectVersion to 1.0.0.0. Version Checksum will be recalculated on next use.
[2021.01.02-18.05.25:291][  0]LogDerivedDataCache: Saved boot cache 0.26s 76MB C:/Users/lhutc/AppData/Local/UnrealEngine/4.25/DerivedDataCache/Boot.ddc.
[2021.01.02-18.05.25:300][  0]LogInit: Texture streaming: Enabled
[2021.01.02-18.05.25:341][  0]LogEngineSessionManager: EngineSessionManager initialized
[2021.01.02-18.05.25:341][  0]LogEditorSessionSummary: Verbose: Initializing EditorSessionSummaryWriter for editor session tracking
[2021.01.02-18.05.25:345][  0]LogEditorSessionSummary: EditorSessionSummaryWriter initialized
[2021.01.02-18.05.25:490][  0]LogInit: Transaction tracking system initialized
[2021.01.02-18.05.25:539][  0]BlueprintLog: New page: Editor Load
[2021.01.02-18.05.25:630][  0]LocalizationService: Localization service is disabled
[2021.01.02-18.05.26:086][  0]LogFileCache: Scanning file cache for directory 'C:/Users/lhutc/OneDrive/Desktop/Software Dev Practice/Unreal Projects/BasicGame/Content/' took 0.04s
[2021.01.02-18.05.26:086][  0]LogCook: Display: Max memory allowance for cook 16384mb min free memory 0mb
[2021.01.02-18.05.26:086][  0]LogCook: Display: Mobile HDR setting 1
[2021.01.02-18.05.26:408][  0]SourceControl: Source control is disabled
[2021.01.02-18.05.26:408][  0]LogUnrealEdMisc: Loading editor; pre map load, took 8.242
[2021.01.02-18.05.26:518][  0]LightingResults: New page: Lighting Build
[2021.01.02-18.05.26:520][  0]LogWorld: UWorld::CleanupWorld for Untitled, bSessionEnded=true, bCleanupResources=true
[2021.01.02-18.05.26:520][  0]LogSlate: InvalidateAllWidgets triggered.  All widgets were invalidated
[2021.01.02-18.05.26:520][  0]MapCheck: New page: Map Check
[2021.01.02-18.05.26:520][  0]LightingResults: New page: Lighting Build
[2021.01.02-18.05.26:544][  0]LogAISub: UAISubsystem::~UAISubsystem EnvQueryManager (000001E561AADC00), frame # 0
[2021.01.02-18.05.26:545][  0]LogAISub: UAISubsystem::~UAISubsystem AIPerceptionSystem (000001E561ACDE40), frame # 0
[2021.01.02-18.05.26:547][  0]LogUObjectHash: Compacting FUObjectHashTables data took   1.92ms
[2021.01.02-18.05.28:933][  0]LogAIModule: Creating AISystem for world Minimal_Default
[2021.01.02-18.05.28:933][  0]LogAISub: UAISubsystem::UAISubsystem EnvQueryManager (000001E5667E0200), frame # 0
[2021.01.02-18.05.28:933][  0]LogAISub: UAISubsystem::UAISubsystem AIPerceptionSystem (000001E566654B80), frame # 0
[2021.01.02-18.05.29:045][  0]LogEditorServer: Finished looking for orphan Actors (0.000 secs)
[2021.01.02-18.05.29:259][  0]LogUObjectHash: Compacting FUObjectHashTables data took   2.29ms
[2021.01.02-18.05.29:259][  0]Cmd: MAP CHECKDEP NOCLEARLOG
[2021.01.02-18.05.29:260][  0]MapCheck: Map check complete: 0 Error(s), 0 Warning(s), took 0.34ms to complete.
[2021.01.02-18.05.29:260][  0]LogFileHelpers: Loading map 'Minimal_Default' took 2.852
[2021.01.02-18.05.29:278][  0]LogUnrealEdMisc: Total Editor Startup Time, took 11.113
[2021.01.02-18.05.30:384][  0]LogSlate: Updating window title bar state: overlay mode, drag disabled, window buttons hidden, title bar hidden
[2021.01.02-18.05.30:434][  0]LogSlate: Updating window title bar state: overlay mode, drag disabled, window buttons hidden, title bar hidden
[2021.01.02-18.05.30:452][  0]LogSlate: Updating window title bar state: overlay mode, drag disabled, window buttons hidden, title bar hidden
[2021.01.02-18.05.30:461][  0]LogSlate: Updating window title bar state: overlay mode, drag disabled, window buttons hidden, title bar hidden
[2021.01.02-18.05.31:050][  0]LogCollectionManager: Loaded 0 collections in 0.002200 seconds
[2021.01.02-18.05.31:764][  0]LogFileCache: Scanning file cache for directory 'C:/Users/lhutc/OneDrive/Desktop/Software Dev Practice/Unreal Projects/BasicGame/Saved/Collections/' took 0.00s
[2021.01.02-18.05.31:764][  0]LogFileCache: Scanning file cache for directory 'C:/Users/lhutc/OneDrive/Desktop/Software Dev Practice/Unreal Projects/BasicGame/Content/Developers/lhutc/Collections/' took 0.00s
[2021.01.02-18.05.31:764][  0]LogFileCache: Scanning file cache for directory 'C:/Users/lhutc/OneDrive/Desktop/Software Dev Practice/Unreal Projects/BasicGame/Content/Collections/' took 0.00s
[2021.01.02-18.05.31:764][  0]LogContentBrowser: Native class hierarchy populated in 0.0439 seconds. Added 3427 classes and 821 folders.
[2021.01.02-18.05.32:420][  0]LogContentBrowser: Native class hierarchy updated for 'WidgetCarousel' in 0.0006 seconds. Added 0 classes and 0 folders.
[2021.01.02-18.05.35:225][  0]LogContentBrowser: Native class hierarchy updated for 'AddContentDialog' in 0.0004 seconds. Added 0 classes and 0 folders.
[2021.01.02-18.05.35:332][  0]LogContentBrowser: Native class hierarchy updated for 'SceneOutliner' in 0.0008 seconds. Added 2 classes and 0 folders.
[2021.01.02-18.05.36:959][  0]LogContentBrowser: Native class hierarchy updated for 'HierarchicalLODOutliner' in 0.0003 seconds. Added 0 classes and 0 folders.
[2021.01.02-18.05.36:959][  0]LogLoad: (Engine Initialization) Total time: 18.79 seconds
[2021.01.02-18.05.36:959][  0]LogLoad: (Engine Initialization) Total Blueprint compile time: 0.00 seconds
[2021.01.02-18.05.37:223][  0]LogContentStreaming: Texture pool size now 1000 MB
[2021.01.02-18.05.37:266][  0]LogSlate: Took 0.000620 seconds to synchronously load lazily loaded font '../../../Engine/Content/Slate/Fonts/Roboto-Regular.ttf' (155K)
[2021.01.02-18.05.37:268][  0]LogSlate: Took 0.000147 seconds to synchronously load lazily loaded font '../../../Engine/Content/Slate/Fonts/Roboto-Bold.ttf' (160K)
[2021.01.02-18.05.37:456][  0]LogSlate: Took 0.119170 seconds to synchronously load lazily loaded font '../../../Engine/Content/Editor/Slate/Fonts/FontAwesome.ttf' (139K)
[2021.01.02-18.05.38:197][  1]LogRenderer: Reallocating scene render targets to support 536x424 Format 10 NumSamples 1 (Frame:1).
[2021.01.02-18.05.38:236][  1]LogAssetRegistry: Asset discovery search completed in 15.6117 seconds
[2021.01.02-18.05.38:241][  1]LogCollectionManager: Fixed up redirectors for 0 collections in 0.000003 seconds (updated 0 objects)
[2021.01.02-18.05.39:584][  2]LogSlate: Took 0.036798 seconds to synchronously load lazily loaded font '../../../Engine/Content/Slate/Fonts/Roboto-Light.ttf' (167K)
[2021.01.02-18.07.14:104][490]LogAudioMixer: Warning: Changing default audio render device to new device: {0.0.0.00000000}.{7d793ab6-c036-433f-8c14-178ba386c32d}.
[2021.01.02-18.07.14:104][490]LogTemp: Resetting audio stream to device id 
[2021.01.02-18.07.14:160][490]LogAudioMixer: Display: 0: FrontLeft
[2021.01.02-18.07.14:160][490]LogAudioMixer: Display: 1: FrontRight
[2021.01.02-18.07.14:771][493]LogAudioMixer: Display: Audio Buffer Underrun detected.
[2021.01.02-18.07.16:439][497]LogAudioMixer: Warning: Changing default audio render device to new device: {0.0.0.00000000}.{d9b078ed-ef99-4c2f-ae00-2a98b4390ce1}.
[2021.01.02-18.07.16:439][497]LogTemp: Resetting audio stream to device id 
[2021.01.02-18.07.16:482][497]LogAudioMixer: Display: 0: FrontLeft
[2021.01.02-18.07.16:483][497]LogAudioMixer: Display: 1: FrontRight
[2021.01.02-18.07.22:718][727]LogRenderer: Reallocating scene render targets to support 536x428 Format 10 NumSamples 1 (Frame:421).
[2021.01.02-18.07.22:824][727]LogRenderer: Reallocating scene render targets to support 536x628 Format 10 NumSamples 1 (Frame:422).
[2021.01.02-18.07.22:934][727]LogRenderer: Reallocating scene render targets to support 536x684 Format 10 NumSamples 1 (Frame:423).
[2021.01.02-18.07.22:997][727]LogRenderer: Reallocating scene render targets to support 536x932 Format 10 NumSamples 1 (Frame:424).
[2021.01.02-18.07.27:976][259]LogAssetEditorSubsystem: Opening Asset editor for Blueprint /Game/BluePrints/Player.Player
[2021.01.02-18.07.30:081][259]LogContentBrowser: Native class hierarchy updated for 'BlueprintGraph' in 0.0015 seconds. Added 125 classes and 0 folders.
[2021.01.02-18.07.33:577][259]LogAssetEditorSubsystem: Opening Asset editor for Blueprint /Game/BluePrints/LevelGate.LevelGate
[2021.01.02-18.07.34:397][259]LogSlate: Took 0.000388 seconds to synchronously load lazily loaded font '../../../Engine/Content/Slate/Fonts/Roboto-BoldCondensed.ttf' (158K)
[2021.01.02-18.08.36:170][256]LogAssetEditorSubsystem: Opening Asset editor for World /Game/Levels/Level2.Level2
[2021.01.02-18.08.36:238][256]LogUObjectHash: Compacting FUObjectHashTables data took   5.18ms
[2021.01.02-18.08.36:241][256]Cmd: MAP LOAD FILE="../../../../../../Users/lhutc/OneDrive/Desktop/Software Dev Practice/Unreal Projects/BasicGame/Content/Levels/Level2.umap" TEMPLATE=0 SHOWPROGRESS=1 FEATURELEVEL=3
[2021.01.02-18.08.36:243][256]LightingResults: New page: Lighting Build
[2021.01.02-18.08.36:244][256]LoadErrors: New page: Loading map: Level2.umap
[2021.01.02-18.08.36:307][256]LogWorld: UWorld::CleanupWorld for Minimal_Default, bSessionEnded=true, bCleanupResources=true
[2021.01.02-18.08.36:308][256]LogSlate: InvalidateAllWidgets triggered.  All widgets were invalidated
[2021.01.02-18.08.36:308][256]MapCheck: New page: Map Check
[2021.01.02-18.08.36:308][256]LightingResults: New page: Lighting Build
[2021.01.02-18.08.36:343][256]LogAISub: UAISubsystem::~UAISubsystem EnvQueryManager (000001E5667E0200), frame # 7256
[2021.01.02-18.08.36:343][256]LogAISub: UAISubsystem::~UAISubsystem AIPerceptionSystem (000001E566654B80), frame # 7256
[2021.01.02-18.08.36:344][256]LogUObjectHash: Compacting FUObjectHashTables data took   1.76ms
[2021.01.02-18.08.36:503][256]LogEditorServer: Finished looking for orphan Actors (0.000 secs)
[2021.01.02-18.08.36:503][256]LogAIModule: Creating AISystem for world Level2
[2021.01.02-18.08.36:503][256]LogAISub: UAISubsystem::UAISubsystem EnvQueryManager (000001E58DBA2200), frame # 7256
[2021.01.02-18.08.36:511][256]LogAISub: UAISubsystem::UAISubsystem AIPerceptionSystem (000001E5886E2340), frame # 7256
[2021.01.02-18.08.36:557][256]LogUObjectHash: Compacting FUObjectHashTables data took   3.43ms
[2021.01.02-18.08.36:593][256]Cmd: MAP CHECKDEP NOCLEARLOG
[2021.01.02-18.08.36:594][256]MapCheck: Map check complete: 0 Error(s), 0 Warning(s), took 0.168ms to complete.
[2021.01.02-18.08.36:594][256]LogFileHelpers: Loading map 'Level2' took 0.353
[2021.01.02-18.09.13:509][463]LogAssetEditorSubsystem: Opening Asset editor for Blueprint /Game/BluePrints/MyGameMode.MyGameMode
[2021.01.02-18.09.16:301][669]LogSlate: Took 0.017275 seconds to synchronously load lazily loaded font '../../../Engine/Content/Slate/Fonts/Roboto-Italic.ttf' (157K)
[2021.01.02-18.09.19:020][861]LogSlate: Window 'Player' being destroyed
[2021.01.02-18.09.23:601][365]LogSlate: Window 'MyGameMode' being destroyed
[2021.01.02-18.09.31:924][322]LogSlate: Window 'Class Defaults' being destroyed
[2021.01.02-18.10.20:229][639]LogEditorViewport: Clicking on Actor (LMB): Player_C (Player)
[2021.01.02-18.11.00:685][564]LogRenderer: Reallocating scene render targets to support 540x932 Format 10 NumSamples 1 (Frame:8860).
[2021.01.02-18.11.12:391][681]LogAssetEditorSubsystem: Opening Asset editor for World /Game/Levels/MainLevel.MainLevel
[2021.01.02-18.11.12:454][681]LogUObjectHash: Compacting FUObjectHashTables data took   3.26ms
[2021.01.02-18.11.12:456][681]Cmd: MAP LOAD FILE="../../../../../../Users/lhutc/OneDrive/Desktop/Software Dev Practice/Unreal Projects/BasicGame/Content/Levels/MainLevel.umap" TEMPLATE=0 SHOWPROGRESS=1 FEATURELEVEL=3
[2021.01.02-18.11.12:457][681]LightingResults: New page: Lighting Build
[2021.01.02-18.11.12:457][681]LoadErrors: New page: Loading map: MainLevel.umap
[2021.01.02-18.11.12:505][681]LogWorld: UWorld::CleanupWorld for Level2, bSessionEnded=true, bCleanupResources=true
[2021.01.02-18.11.12:505][681]LogSlate: InvalidateAllWidgets triggered.  All widgets were invalidated
[2021.01.02-18.11.12:505][681]MapCheck: New page: Map Check
[2021.01.02-18.11.12:505][681]LightingResults: New page: Lighting Build
[2021.01.02-18.11.12:562][681]LogAISub: UAISubsystem::~UAISubsystem AIPerceptionSystem (000001E5886E2340), frame # 21681
[2021.01.02-18.11.12:562][681]LogAISub: UAISubsystem::~UAISubsystem EnvQueryManager (000001E58DBA2200), frame # 21681
[2021.01.02-18.11.12:567][681]LogUObjectHash: Compacting FUObjectHashTables data took   4.89ms
[2021.01.02-18.11.12:824][681]LogEditorServer: Finished looking for orphan Actors (0.000 secs)
[2021.01.02-18.11.12:824][681]LogAIModule: Creating AISystem for world MainLevel
[2021.01.02-18.11.12:824][681]LogAISub: UAISubsystem::UAISubsystem EnvQueryManager (000001E5AAD48400), frame # 21681
[2021.01.02-18.11.12:824][681]LogAISub: UAISubsystem::UAISubsystem AIPerceptionSystem (000001E579962980), frame # 21681
[2021.01.02-18.11.12:880][681]LogUObjectHash: Compacting FUObjectHashTables data took   2.70ms
[2021.01.02-18.11.12:941][681]Cmd: MAP CHECKDEP NOCLEARLOG
[2021.01.02-18.11.12:942][681]MapCheck: Map check complete: 0 Error(s), 0 Warning(s), took 0.344ms to complete.
[2021.01.02-18.11.12:942][681]LogFileHelpers: Loading map 'MainLevel' took 0.485
[2021.01.02-18.12.36:593][653]LogRenderer: Reallocating scene render targets to support 636x964 Format 10 NumSamples 1 (Frame:1).
[2021.01.02-18.17.37:227][271]LogSlate: Took 0.026652 seconds to synchronously load lazily loaded font '../../../Engine/Content/Slate/Fonts/Roboto-BoldCondensedItalic.ttf' (160K)
[2021.01.02-18.17.52:202][844]BlueprintLog: New page: Compile LevelGate
[2021.01.02-18.17.52:352][844]LogUObjectHash: Compacting FUObjectHashTables data took   4.17ms
[2021.01.02-18.17.52:462][844]LogSlate: Took 0.044898 seconds to synchronously load lazily loaded font '../../../Engine/Content/Slate/Fonts/DroidSansMono.ttf' (77K)
[2021.01.02-18.19.31:126][728]BlueprintLog: New page: Compile LevelGate
[2021.01.02-18.19.31:171][728]LogUObjectHash: Compacting FUObjectHashTables data took   2.64ms
[2021.01.02-18.19.41:146][859]LogEditorViewport: Clicking on Actor (LMB): BP_Sky_Sphere_C (Sky Sphere)
[2021.01.02-18.19.44:874][296]LogEditorViewport: Clicking on Actor (LMB): LevelGate_C (LevelGate)
[2021.01.02-18.20.16:212][585]LogTemp: Repeating last play command: Selected Viewport
[2021.01.02-18.20.16:395][585]LogPlayLevel: PlayLevel: No blueprints needed recompiling
[2021.01.02-18.20.16:409][585]PIE: New page: PIE session: MainLevel (Jan 2, 2021, 8:20:16 AM)
[2021.01.02-18.20.16:430][585]LogOnline: OSS: Creating online subsystem instance for: NULL
[2021.01.02-18.20.16:445][585]LogOnline: OSS: TryLoadSubsystemAndSetDefault: Loaded subsystem for module [NULL]
[2021.01.02-18.20.16:455][585]LogPlayLevel: Creating play world package: /Game/Levels/UEDPIE_0_MainLevel
[2021.01.02-18.20.16:506][585]LogPlayLevel: PIE: StaticDuplicateObject took: (0.051634s)
[2021.01.02-18.20.16:513][585]LogAIModule: Creating AISystem for world MainLevel
[2021.01.02-18.20.16:513][585]LogAISub: UAISubsystem::UAISubsystem EnvQueryManager (000001E59DDDFA00), frame # 68585
[2021.01.02-18.20.16:513][585]LogAISub: UAISubsystem::UAISubsystem AIPerceptionSystem (000001E521994E00), frame # 68585
[2021.01.02-18.20.16:514][585]LogPlayLevel: PIE: World Init took: (0.007299s)
[2021.01.02-18.20.16:514][585]LogPlayLevel: PIE: Created PIE world by copying editor world from /Game/Levels/MainLevel.MainLevel to /Game/Levels/UEDPIE_0_MainLevel.MainLevel (0.059281s)
[2021.01.02-18.20.16:575][585]LogUObjectHash: Compacting FUObjectHashTables data took   3.82ms
[2021.01.02-18.20.16:612][585]LogAudioMixer: Display: Audio Mixer Platform Settings:
[2021.01.02-18.20.16:612][585]LogAudioMixer: Display: 	Sample Rate:						  48000
[2021.01.02-18.20.16:612][585]LogAudioMixer: Display: 	Callback Buffer Frame Size Requested: 1024
[2021.01.02-18.20.16:612][585]LogAudioMixer: Display: 	Callback Buffer Frame Size To Use:	  1024
[2021.01.02-18.20.16:612][585]LogAudioMixer: Display: 	Number of buffers to queue:			  2
[2021.01.02-18.20.16:612][585]LogAudioMixer: Display: 	Max Channels (voices):				  32
[2021.01.02-18.20.16:612][585]LogAudioMixer: Display: 	Number of Async Source Workers:		  0
[2021.01.02-18.20.16:612][585]LogAudio: Display: AudioDevice MaxSources: 32
[2021.01.02-18.20.16:613][585]LogAudio: Display: Using built-in audio occlusion.
[2021.01.02-18.20.16:613][585]LogAudioMixer: Display: Initializing audio mixer.
[2021.01.02-18.20.16:618][585]LogAudioMixer: Display: 0: FrontLeft
[2021.01.02-18.20.16:618][585]LogAudioMixer: Display: 1: FrontRight
[2021.01.02-18.20.16:647][585]LogAudioMixer: Display: Using Audio Device ROG PG279Q (2- NVIDIA High Definition Audio)
[2021.01.02-18.20.16:648][585]LogAudioMixer: Display: Initializing Sound Submixes...
[2021.01.02-18.20.16:648][585]LogAudioMixer: Display: Creating Master Submix 'MasterSubmixDefault'
[2021.01.02-18.20.16:648][585]LogAudioMixer: Display: Creating Master Submix 'MasterReverbSubmixDefault'
[2021.01.02-18.20.16:649][585]LogAudioMixer: Display: Creating Master Submix 'MasterEQSubmixDefault'
[2021.01.02-18.20.16:683][585]LogInit: FAudioDevice initialized.
[2021.01.02-18.20.16:711][585]LogLoad: Game class is 'MyGameMode_C'
[2021.01.02-18.20.16:869][585]LogWorld: Bringing World /Game/Levels/UEDPIE_0_MainLevel.MainLevel up for play (max tick rate 0) at 2021.01.02-13.20.16
[2021.01.02-18.20.16:875][585]LogWorld: Bringing up level for play took: 0.007396
[2021.01.02-18.20.16:877][585]LogOnline: OSS: Creating online subsystem instance for: :Context_8
[2021.01.02-18.20.16:998][585]LogContentBrowser: Native class hierarchy updated for 'MovieSceneCapture' in 0.0009 seconds. Added 20 classes and 0 folders.
[2021.01.02-18.20.17:079][585]LogBlueprintUserMessages: [Player_8] True
[2021.01.02-18.20.17:141][585]PIE: Server logged in
[2021.01.02-18.20.17:143][585]PIE: Play in editor total start time 0.908 seconds.
[2021.01.02-18.20.19:296][780]LogBlueprintUserMessages: [Player_8] 1
[2021.01.02-18.20.19:563][812]LogBlueprintUserMessages: [Player_8] 2
[2021.01.02-18.20.19:890][851]LogBlueprintUserMessages: [Player_8] 3
[2021.01.02-18.20.20:455][915]LogBlueprintUserMessages: [Player_8] 4
[2021.01.02-18.20.20:745][949]LogBlueprintUserMessages: [Player_8] 5
[2021.01.02-18.20.20:954][974]LogBlueprintUserMessages: [Player_8] 6
[2021.01.02-18.20.21:204][  4]LogBlueprintUserMessages: [Player_8] 7
[2021.01.02-18.20.21:420][ 30]LogBlueprintUserMessages: [Player_8] 8
[2021.01.02-18.20.21:659][ 57]LogBlueprintUserMessages: [Player_8] 9
[2021.01.02-18.20.21:665][ 58]LogNet: Browse: /Game/Levels/Level2
[2021.01.02-18.20.21:665][ 58]LogLoad: LoadMap: /Game/Levels/Level2
[2021.01.02-18.20.21:665][ 58]LogWorld: BeginTearingDown for /Game/Levels/UEDPIE_0_MainLevel
[2021.01.02-18.20.21:666][ 58]LogWorld: UWorld::CleanupWorld for MainLevel, bSessionEnded=true, bCleanupResources=true
[2021.01.02-18.20.21:666][ 58]LogSlate: InvalidateAllWidgets triggered.  All widgets were invalidated
[2021.01.02-18.20.21:750][ 58]LogAISub: UAISubsystem::~UAISubsystem AIPerceptionSystem (000001E521994E00), frame # 69058
[2021.01.02-18.20.21:750][ 58]LogAISub: UAISubsystem::~UAISubsystem EnvQueryManager (000001E59DDDFA00), frame # 69058
[2021.01.02-18.20.21:777][ 58]LogUObjectHash: Compacting FUObjectHashTables data took   3.44ms
[2021.01.02-18.20.21:795][ 58]LogAIModule: Creating AISystem for world Level2
[2021.01.02-18.20.21:795][ 58]LogAISub: UAISubsystem::UAISubsystem EnvQueryManager (000001E56ECA5000), frame # 69058
[2021.01.02-18.20.21:795][ 58]LogAISub: UAISubsystem::UAISubsystem AIPerceptionSystem (000001E5BC049080), frame # 69058
[2021.01.02-18.20.21:795][ 58]LogLoad: Game class is 'MyGameMode_C'
[2021.01.02-18.20.21:798][ 58]LogWorld: Bringing World /Game/Levels/UEDPIE_0_Level2.Level2 up for play (max tick rate 0) at 2021.01.02-13.20.21
[2021.01.02-18.20.21:798][ 58]LogWorld: Bringing up level for play took: 0.001653
[2021.01.02-18.20.21:798][ 58]LogGameMode: FindPlayerStart: PATHS NOT DEFINED or NO PLAYERSTART with positive rating
[2021.01.02-18.20.21:799][ 58]LogBlueprintUserMessages: [Player_2] True
[2021.01.02-18.20.21:799][ 58]LogLoad: Took 0.133871 seconds to LoadMap(/Game/Levels/Level2)
[2021.01.02-18.20.21:870][ 62]LogBlueprintUserMessages: [Player_2] 1
[2021.01.02-18.20.24:289][348]LogSlate: Updating window title bar state: overlay mode, drag disabled, window buttons hidden, title bar hidden
[2021.01.02-18.20.24:289][348]LogWorld: BeginTearingDown for /Game/Levels/UEDPIE_0_Level2
[2021.01.02-18.20.24:289][348]LogWorld: UWorld::CleanupWorld for Level2, bSessionEnded=true, bCleanupResources=true
[2021.01.02-18.20.24:289][348]LogSlate: InvalidateAllWidgets triggered.  All widgets were invalidated
[2021.01.02-18.20.24:302][348]LogPlayLevel: Display: Shutting down PIE online subsystems
[2021.01.02-18.20.24:308][348]LogSlate: InvalidateAllWidgets triggered.  All widgets were invalidated
[2021.01.02-18.20.24:398][348]LogSlate: Updating window title bar state: overlay mode, drag disabled, window buttons hidden, title bar hidden
[2021.01.02-18.20.24:400][348]LogAISub: UAISubsystem::~UAISubsystem AIPerceptionSystem (000001E5BC049080), frame # 69348
[2021.01.02-18.20.24:400][348]LogAISub: UAISubsystem::~UAISubsystem EnvQueryManager (000001E56ECA5000), frame # 69348
[2021.01.02-18.20.24:413][348]LogUObjectHash: Compacting FUObjectHashTables data took   7.78ms
[2021.01.02-18.20.24:465][349]LogPlayLevel: Display: Destroying online subsystem :Context_8
[2021.01.02-18.20.27:096][635]LogTemp: Repeating last play command: Selected Viewport
[2021.01.02-18.20.27:114][635]LogPlayLevel: PlayLevel: No blueprints needed recompiling
[2021.01.02-18.20.27:114][635]PIE: New page: PIE session: MainLevel (Jan 2, 2021, 8:20:27 AM)
[2021.01.02-18.20.27:136][635]LogPlayLevel: Creating play world package: /Game/Levels/UEDPIE_0_MainLevel
[2021.01.02-18.20.27:139][635]LogPlayLevel: PIE: StaticDuplicateObject took: (0.002552s)
[2021.01.02-18.20.27:140][635]LogAIModule: Creating AISystem for world MainLevel
[2021.01.02-18.20.27:140][635]LogAISub: UAISubsystem::UAISubsystem EnvQueryManager (000001E5B8967E00), frame # 69635
[2021.01.02-18.20.27:140][635]LogAISub: UAISubsystem::UAISubsystem AIPerceptionSystem (000001E5B8985300), frame # 69635
[2021.01.02-18.20.27:140][635]LogPlayLevel: PIE: World Init took: (0.001184s)
[2021.01.02-18.20.27:140][635]LogPlayLevel: PIE: Created PIE world by copying editor world from /Game/Levels/MainLevel.MainLevel to /Game/Levels/UEDPIE_0_MainLevel.MainLevel (0.003915s)
[2021.01.02-18.20.27:182][635]LogUObjectHash: Compacting FUObjectHashTables data took   2.31ms
[2021.01.02-18.20.27:183][635]LogAudioMixer: Display: Audio Mixer Platform Settings:
[2021.01.02-18.20.27:183][635]LogAudioMixer: Display: 	Sample Rate:						  48000
[2021.01.02-18.20.27:183][635]LogAudioMixer: Display: 	Callback Buffer Frame Size Requested: 1024
[2021.01.02-18.20.27:183][635]LogAudioMixer: Display: 	Callback Buffer Frame Size To Use:	  1024
[2021.01.02-18.20.27:183][635]LogAudioMixer: Display: 	Number of buffers to queue:			  2
[2021.01.02-18.20.27:183][635]LogAudioMixer: Display: 	Max Channels (voices):				  32
[2021.01.02-18.20.27:183][635]LogAudioMixer: Display: 	Number of Async Source Workers:		  0
[2021.01.02-18.20.27:183][635]LogAudio: Display: AudioDevice MaxSources: 32
[2021.01.02-18.20.27:183][635]LogAudio: Display: Using built-in audio occlusion.
[2021.01.02-18.20.27:183][635]LogAudioMixer: Display: Initializing audio mixer.
[2021.01.02-18.20.27:188][635]LogAudioMixer: Display: 0: FrontLeft
[2021.01.02-18.20.27:188][635]LogAudioMixer: Display: 1: FrontRight
[2021.01.02-18.20.27:204][635]LogAudioMixer: Display: Using Audio Device ROG PG279Q (2- NVIDIA High Definition Audio)
[2021.01.02-18.20.27:204][635]LogAudioMixer: Display: Initializing Sound Submixes...
[2021.01.02-18.20.27:204][635]LogAudioMixer: Display: Creating Master Submix 'MasterSubmixDefault'
[2021.01.02-18.20.27:204][635]LogAudioMixer: Display: Creating Master Submix 'MasterReverbSubmixDefault'
[2021.01.02-18.20.27:204][635]LogAudioMixer: Display: Creating Master Submix 'MasterEQSubmixDefault'
[2021.01.02-18.20.27:232][635]LogInit: FAudioDevice initialized.
[2021.01.02-18.20.27:243][635]LogLoad: Game class is 'MyGameMode_C'
[2021.01.02-18.20.27:246][635]LogWorld: Bringing World /Game/Levels/UEDPIE_0_MainLevel.MainLevel up for play (max tick rate 0) at 2021.01.02-13.20.27
[2021.01.02-18.20.27:246][635]LogWorld: Bringing up level for play took: 0.001856
[2021.01.02-18.20.27:246][635]LogOnline: OSS: Creating online subsystem instance for: :Context_9
[2021.01.02-18.20.27:250][635]LogBlueprintUserMessages: [Player_8] True
[2021.01.02-18.20.27:250][635]PIE: Server logged in
[2021.01.02-18.20.27:252][635]PIE: Play in editor total start time 0.138 seconds.
[2021.01.02-18.20.28:411][766]LogBlueprintUserMessages: [Player_8] 1
[2021.01.02-18.20.28:612][790]LogBlueprintUserMessages: [Player_8] 2
[2021.01.02-18.20.29:053][843]LogBlueprintUserMessages: [Player_8] 3
[2021.01.02-18.20.29:586][907]LogBlueprintUserMessages: [Player_8] 4
[2021.01.02-18.20.29:878][942]LogBlueprintUserMessages: [Player_8] 5
[2021.01.02-18.20.30:095][968]LogBlueprintUserMessages: [Player_8] 6
[2021.01.02-18.20.30:296][992]LogBlueprintUserMessages: [Player_8] 7
[2021.01.02-18.20.30:496][ 16]LogBlueprintUserMessages: [Player_8] 8
[2021.01.02-18.20.30:729][ 44]LogBlueprintUserMessages: [Player_8] 9
[2021.01.02-18.20.30:737][ 45]LogNet: Browse: /Game/Levels/Level2
[2021.01.02-18.20.30:737][ 45]LogLoad: LoadMap: /Game/Levels/Level2
[2021.01.02-18.20.30:737][ 45]LogWorld: BeginTearingDown for /Game/Levels/UEDPIE_0_MainLevel
[2021.01.02-18.20.30:737][ 45]LogWorld: UWorld::CleanupWorld for MainLevel, bSessionEnded=true, bCleanupResources=true
[2021.01.02-18.20.30:737][ 45]LogSlate: InvalidateAllWidgets triggered.  All widgets were invalidated
[2021.01.02-18.20.30:831][ 45]LogAISub: UAISubsystem::~UAISubsystem AIPerceptionSystem (000001E5B8985300), frame # 70045
[2021.01.02-18.20.30:831][ 45]LogAISub: UAISubsystem::~UAISubsystem EnvQueryManager (000001E5B8967E00), frame # 70045
[2021.01.02-18.20.30:837][ 45]LogUObjectHash: Compacting FUObjectHashTables data took   5.79ms
[2021.01.02-18.20.30:847][ 45]LogAIModule: Creating AISystem for world Level2
[2021.01.02-18.20.30:847][ 45]LogAISub: UAISubsystem::UAISubsystem EnvQueryManager (000001E5B8965600), frame # 70045
[2021.01.02-18.20.30:847][ 45]LogAISub: UAISubsystem::UAISubsystem AIPerceptionSystem (000001E5B5F30A40), frame # 70045
[2021.01.02-18.20.30:847][ 45]LogLoad: Game class is 'MyGameMode_C'
[2021.01.02-18.20.30:850][ 45]LogWorld: Bringing World /Game/Levels/UEDPIE_0_Level2.Level2 up for play (max tick rate 0) at 2021.01.02-13.20.30
[2021.01.02-18.20.30:850][ 45]LogWorld: Bringing up level for play took: 0.001751
[2021.01.02-18.20.30:851][ 45]LogGameMode: FindPlayerStart: PATHS NOT DEFINED or NO PLAYERSTART with positive rating
[2021.01.02-18.20.30:851][ 45]LogBlueprintUserMessages: [Player_2] True
[2021.01.02-18.20.30:851][ 45]LogLoad: Took 0.114354 seconds to LoadMap(/Game/Levels/Level2)
[2021.01.02-18.20.31:025][ 64]LogBlueprintUserMessages: [Player_2] 1
[2021.01.02-18.20.32:438][229]LogSlate: Updating window title bar state: overlay mode, drag disabled, window buttons hidden, title bar hidden
[2021.01.02-18.20.32:438][229]LogWorld: BeginTearingDown for /Game/Levels/UEDPIE_0_Level2
[2021.01.02-18.20.32:438][229]LogWorld: UWorld::CleanupWorld for Level2, bSessionEnded=true, bCleanupResources=true
[2021.01.02-18.20.32:438][229]LogSlate: InvalidateAllWidgets triggered.  All widgets were invalidated
[2021.01.02-18.20.32:453][229]LogPlayLevel: Display: Shutting down PIE online subsystems
[2021.01.02-18.20.32:460][229]LogSlate: InvalidateAllWidgets triggered.  All widgets were invalidated
[2021.01.02-18.20.32:553][229]LogSlate: Updating window title bar state: overlay mode, drag disabled, window buttons hidden, title bar hidden
[2021.01.02-18.20.32:554][229]LogAISub: UAISubsystem::~UAISubsystem AIPerceptionSystem (000001E5B5F30A40), frame # 70229
[2021.01.02-18.20.32:554][229]LogAISub: UAISubsystem::~UAISubsystem EnvQueryManager (000001E5B8965600), frame # 70229
[2021.01.02-18.20.32:561][229]LogUObjectHash: Compacting FUObjectHashTables data took   6.79ms
[2021.01.02-18.20.32:609][230]LogPlayLevel: Display: Destroying online subsystem :Context_9
[2021.01.02-18.20.45:243][129]LogAssetEditorSubsystem: Opening Asset editor for World /Game/Levels/Level2.Level2
[2021.01.02-18.20.45:278][129]LogUObjectHash: Compacting FUObjectHashTables data took   2.47ms
[2021.01.02-18.20.47:302][129]LogSlate: Window 'Save Content' being destroyed
[2021.01.02-18.20.47:575][129]LogSavePackage: Moving '../../../../../../Users/lhutc/OneDrive/Desktop/Software Dev Practice/Unreal Projects/BasicGame/Saved/LevelGate829C2F8041EC5A996AA016A75D588794.tmp' to '../../../../../../Users/lhutc/OneDrive/Desktop/Software Dev Practice/Unreal Projects/BasicGame/Content/BluePrints/LevelGate.uasset'
[2021.01.02-18.20.47:674][129]LogUObjectHash: Compacting FUObjectHashTables data took   3.82ms
[2021.01.02-18.20.47:722][129]LogSavePackage: Moving '../../../../../../Users/lhutc/OneDrive/Desktop/Software Dev Practice/Unreal Projects/BasicGame/Saved/MainLevel9E818D7E45ED2FCE9C2D1390F8592C8A.tmp' to '../../../../../../Users/lhutc/OneDrive/Desktop/Software Dev Practice/Unreal Projects/BasicGame/Content/Levels/MainLevel.umap'
[2021.01.02-18.20.47:758][129]LogFileHelpers: Saving map 'MainLevel' took 0.142
[2021.01.02-18.20.47:817][129]LogSavePackage: Moving '../../../../../../Users/lhutc/OneDrive/Desktop/Software Dev Practice/Unreal Projects/BasicGame/Saved/MainLevel_BuiltData0F09E35D4D0094B7D57A29B5BCBB45C4.tmp' to '../../../../../../Users/lhutc/OneDrive/Desktop/Software Dev Practice/Unreal Projects/BasicGame/Content/Levels/MainLevel_BuiltData.uasset'
[2021.01.02-18.20.47:820][129]Cmd: MAP LOAD FILE="../../../../../../Users/lhutc/OneDrive/Desktop/Software Dev Practice/Unreal Projects/BasicGame/Content/Levels/Level2.umap" TEMPLATE=0 SHOWPROGRESS=1 FEATURELEVEL=3
[2021.01.02-18.20.47:821][129]LightingResults: New page: Lighting Build
[2021.01.02-18.20.47:821][129]LoadErrors: New page: Loading map: Level2.umap
[2021.01.02-18.20.47:846][129]LogWorld: UWorld::CleanupWorld for MainLevel, bSessionEnded=true, bCleanupResources=true
[2021.01.02-18.20.47:846][129]LogSlate: InvalidateAllWidgets triggered.  All widgets were invalidated
[2021.01.02-18.20.47:846][129]MapCheck: New page: Map Check
[2021.01.02-18.20.47:846][129]LightingResults: New page: Lighting Build
[2021.01.02-18.20.47:881][129]LogAISub: UAISubsystem::~UAISubsystem AIPerceptionSystem (000001E579962980), frame # 71129
[2021.01.02-18.20.47:881][129]LogAISub: UAISubsystem::~UAISubsystem EnvQueryManager (000001E5AAD48400), frame # 71129
[2021.01.02-18.20.47:884][129]LogUObjectHash: Compacting FUObjectHashTables data took   3.00ms
[2021.01.02-18.20.48:019][129]LogEditorServer: Finished looking for orphan Actors (0.000 secs)
[2021.01.02-18.20.48:019][129]LogAIModule: Creating AISystem for world Level2
[2021.01.02-18.20.48:019][129]LogAISub: UAISubsystem::UAISubsystem EnvQueryManager (000001E5B8F58C00), frame # 71129
[2021.01.02-18.20.48:019][129]LogAISub: UAISubsystem::UAISubsystem AIPerceptionSystem (000001E5082AD580), frame # 71129
[2021.01.02-18.20.48:056][129]LogUObjectHash: Compacting FUObjectHashTables data took   2.40ms
[2021.01.02-18.20.48:088][129]Cmd: MAP CHECKDEP NOCLEARLOG
[2021.01.02-18.20.48:088][129]MapCheck: Map check complete: 0 Error(s), 0 Warning(s), took 0.158ms to complete.
[2021.01.02-18.20.48:088][129]LogFileHelpers: Loading map 'Level2' took 0.267
[2021.01.02-18.20.48:189][129]AssetCheck: New page: Asset Save: multiple assets
[2021.01.02-18.20.48:189][129]LogContentValidation: Display: Validating Blueprint /Game/BluePrints/LevelGate.LevelGate
[2021.01.02-18.20.48:189][129]LogContentValidation: Display: Validating World /Game/Levels/MainLevel.MainLevel
[2021.01.02-18.20.48:207][129]LogContentValidation: Display: Validating MapBuildDataRegistry /Game/Levels/MainLevel_BuiltData.MainLevel_BuiltData
[2021.01.02-18.21.24:096][391]LogEditorViewport: Clicking on Actor (LMB): StaticMeshActor (Floor)
[2021.01.02-18.21.25:265][524]LogEditorViewport: Clicking on Actor (LMB): BP_Sky_Sphere_C (Sky Sphere)
[2021.01.02-18.21.26:230][636]LogTemp: Repeating last play command: Selected Viewport
[2021.01.02-18.21.26:245][636]LogPlayLevel: PlayLevel: No blueprints needed recompiling
[2021.01.02-18.21.26:245][636]PIE: New page: PIE session: Level2 (Jan 2, 2021, 8:21:26 AM)
[2021.01.02-18.21.26:267][636]LogPlayLevel: Creating play world package: /Game/Levels/UEDPIE_0_Level2
[2021.01.02-18.21.26:269][636]LogPlayLevel: PIE: StaticDuplicateObject took: (0.002404s)
[2021.01.02-18.21.26:270][636]LogAIModule: Creating AISystem for world Level2
[2021.01.02-18.21.26:270][636]LogAISub: UAISubsystem::UAISubsystem EnvQueryManager (000001E56C913A00), frame # 75636
[2021.01.02-18.21.26:270][636]LogAISub: UAISubsystem::UAISubsystem AIPerceptionSystem (000001E579E6DA80), frame # 75636
[2021.01.02-18.21.26:270][636]LogPlayLevel: PIE: World Init took: (0.001235s)
[2021.01.02-18.21.26:270][636]LogPlayLevel: PIE: Created PIE world by copying editor world from /Game/Levels/Level2.Level2 to /Game/Levels/UEDPIE_0_Level2.Level2 (0.003779s)
[2021.01.02-18.21.26:307][636]LogUObjectHash: Compacting FUObjectHashTables data took   2.52ms
[2021.01.02-18.21.26:310][636]LogAudioMixer: Display: Audio Mixer Platform Settings:
[2021.01.02-18.21.26:310][636]LogAudioMixer: Display: 	Sample Rate:						  48000
[2021.01.02-18.21.26:310][636]LogAudioMixer: Display: 	Callback Buffer Frame Size Requested: 1024
[2021.01.02-18.21.26:310][636]LogAudioMixer: Display: 	Callback Buffer Frame Size To Use:	  1024
[2021.01.02-18.21.26:310][636]LogAudioMixer: Display: 	Number of buffers to queue:			  2
[2021.01.02-18.21.26:310][636]LogAudioMixer: Display: 	Max Channels (voices):				  32
[2021.01.02-18.21.26:310][636]LogAudioMixer: Display: 	Number of Async Source Workers:		  0
[2021.01.02-18.21.26:310][636]LogAudio: Display: AudioDevice MaxSources: 32
[2021.01.02-18.21.26:310][636]LogAudio: Display: Using built-in audio occlusion.
[2021.01.02-18.21.26:310][636]LogAudioMixer: Display: Initializing audio mixer.
[2021.01.02-18.21.26:315][636]LogAudioMixer: Display: 0: FrontLeft
[2021.01.02-18.21.26:315][636]LogAudioMixer: Display: 1: FrontRight
[2021.01.02-18.21.26:331][636]LogAudioMixer: Display: Using Audio Device ROG PG279Q (2- NVIDIA High Definition Audio)
[2021.01.02-18.21.26:331][636]LogAudioMixer: Display: Initializing Sound Submixes...
[2021.01.02-18.21.26:331][636]LogAudioMixer: Display: Creating Master Submix 'MasterSubmixDefault'
[2021.01.02-18.21.26:331][636]LogAudioMixer: Display: Creating Master Submix 'MasterReverbSubmixDefault'
[2021.01.02-18.21.26:332][636]LogAudioMixer: Display: Creating Master Submix 'MasterEQSubmixDefault'
[2021.01.02-18.21.26:347][636]LogInit: FAudioDevice initialized.
[2021.01.02-18.21.26:352][636]LogLoad: Game class is 'MyGameMode_C'
[2021.01.02-18.21.26:353][636]LogWorld: Bringing World /Game/Levels/UEDPIE_0_Level2.Level2 up for play (max tick rate 0) at 2021.01.02-13.21.26
[2021.01.02-18.21.26:353][636]LogWorld: Bringing up level for play took: 0.000556
[2021.01.02-18.21.26:353][636]LogOnline: OSS: Creating online subsystem instance for: :Context_10
[2021.01.02-18.21.26:355][636]LogBlueprintUserMessages: [Player_2] True
[2021.01.02-18.21.26:355][636]PIE: Server logged in
[2021.01.02-18.21.26:355][636]PIE: Play in editor total start time 0.111 seconds.
[2021.01.02-18.21.27:610][785]LogBlueprintUserMessages: [Player_2] 1
[2021.01.02-18.21.27:843][813]LogBlueprintUserMessages: [Player_2] 2
[2021.01.02-18.21.28:026][835]LogBlueprintUserMessages: [Player_2] 3
[2021.01.02-18.21.28:260][863]LogBlueprintUserMessages: [Player_2] 4
[2021.01.02-18.21.28:460][887]LogBlueprintUserMessages: [Player_2] 5
[2021.01.02-18.21.28:677][913]LogBlueprintUserMessages: [Player_2] 6
[2021.01.02-18.21.28:877][937]LogBlueprintUserMessages: [Player_2] 7
[2021.01.02-18.21.29:069][960]LogBlueprintUserMessages: [Player_2] 8
[2021.01.02-18.21.29:319][990]LogBlueprintUserMessages: [Player_2] 9
[2021.01.02-18.21.29:568][ 20]LogBlueprintUserMessages: [Player_2] 10
[2021.01.02-18.21.29:793][ 47]LogBlueprintUserMessages: [Player_2] 11
[2021.01.02-18.21.30:027][ 75]LogBlueprintUserMessages: [Player_2] 12
[2021.01.02-18.21.30:227][ 99]LogBlueprintUserMessages: [Player_2] 13
[2021.01.02-18.21.30:453][126]LogBlueprintUserMessages: [Player_2] 14
[2021.01.02-18.21.30:461][127]LogNet: Browse: /Game/Levels/MainLevel
[2021.01.02-18.21.30:461][127]LogLoad: LoadMap: /Game/Levels/MainLevel
[2021.01.02-18.21.30:461][127]LogWorld: BeginTearingDown for /Game/Levels/UEDPIE_0_Level2
[2021.01.02-18.21.30:461][127]LogWorld: UWorld::CleanupWorld for Level2, bSessionEnded=true, bCleanupResources=true
[2021.01.02-18.21.30:461][127]LogSlate: InvalidateAllWidgets triggered.  All widgets were invalidated
[2021.01.02-18.21.30:524][127]LogAISub: UAISubsystem::~UAISubsystem AIPerceptionSystem (000001E579E6DA80), frame # 76127
[2021.01.02-18.21.30:524][127]LogAISub: UAISubsystem::~UAISubsystem EnvQueryManager (000001E56C913A00), frame # 76127
[2021.01.02-18.21.30:527][127]LogUObjectHash: Compacting FUObjectHashTables data took   2.57ms
[2021.01.02-18.21.30:528][127]LogPlayLevel: Creating play world package: /Game/Levels/UEDPIE_0_MainLevel
[2021.01.02-18.21.30:532][127]LogPlayLevel: PIE: StaticDuplicateObject took: (0.002966s)
[2021.01.02-18.21.30:533][127]LogAIModule: Creating AISystem for world MainLevel
[2021.01.02-18.21.30:533][127]LogAISub: UAISubsystem::UAISubsystem EnvQueryManager (000001E5B845F000), frame # 76127
[2021.01.02-18.21.30:533][127]LogAISub: UAISubsystem::UAISubsystem AIPerceptionSystem (000001E579E6DA80), frame # 76127
[2021.01.02-18.21.30:533][127]LogPlayLevel: PIE: World Init took: (0.001058s)
[2021.01.02-18.21.30:533][127]LogPlayLevel: PIE: Created PIE world by copying editor world from /Game/Levels/MainLevel.MainLevel to /Game/Levels/UEDPIE_0_MainLevel.MainLevel (0.004848s)
[2021.01.02-18.21.30:533][127]LogLoad: Game class is 'MyGameMode_C'
[2021.01.02-18.21.30:535][127]LogWorld: Bringing World /Game/Levels/UEDPIE_0_MainLevel.MainLevel up for play (max tick rate 0) at 2021.01.02-13.21.30
[2021.01.02-18.21.30:535][127]LogWorld: Bringing up level for play took: 0.001036
[2021.01.02-18.21.30:535][127]LogGameMode: FindPlayerStart: PATHS NOT DEFINED or NO PLAYERSTART with positive rating
[2021.01.02-18.21.30:536][127]LogBlueprintUserMessages: [Player_8] True
[2021.01.02-18.21.30:536][127]LogLoad: Took 0.074900 seconds to LoadMap(/Game/Levels/UEDPIE_0_MainLevel)
[2021.01.02-18.21.30:690][142]LogBlueprintUserMessages: [Player_8] 1
[2021.01.02-18.21.31:647][252]LogSlate: Updating window title bar state: overlay mode, drag disabled, window buttons hidden, title bar hidden
[2021.01.02-18.21.31:647][252]LogWorld: BeginTearingDown for /Game/Levels/UEDPIE_0_MainLevel
[2021.01.02-18.21.31:648][252]LogWorld: UWorld::CleanupWorld for MainLevel, bSessionEnded=true, bCleanupResources=true
[2021.01.02-18.21.31:648][252]LogSlate: InvalidateAllWidgets triggered.  All widgets were invalidated
[2021.01.02-18.21.31:657][252]LogPlayLevel: Display: Shutting down PIE online subsystems
[2021.01.02-18.21.31:664][252]LogSlate: InvalidateAllWidgets triggered.  All widgets were invalidated
[2021.01.02-18.21.31:729][252]LogSlate: Updating window title bar state: overlay mode, drag disabled, window buttons hidden, title bar hidden
[2021.01.02-18.21.31:730][252]LogAISub: UAISubsystem::~UAISubsystem AIPerceptionSystem (000001E579E6DA80), frame # 76252
[2021.01.02-18.21.31:730][252]LogAISub: UAISubsystem::~UAISubsystem EnvQueryManager (000001E5B845F000), frame # 76252
[2021.01.02-18.21.31:733][252]LogUObjectHash: Compacting FUObjectHashTables data took   3.18ms
[2021.01.02-18.21.31:768][253]LogPlayLevel: Display: Destroying online subsystem :Context_10
[2021.01.02-18.21.32:716][365]Cmd: SELECT NONE
